#
# A fatal error has been detected by the Java Runtime Environment:
#
#  Internal Error (javaCalls.cpp:51), pid=44764, tid=0x000000000000dc2c
#  guarantee(thread->is_Java_thread()) failed: crucial check - the VM thread cannot and must not escape to Java code
#
# JRE version: Java(TM) SE Runtime Environment (8.0_211-b12) (build 1.8.0_211-b12)
# Java VM: Java HotSpot(TM) 64-Bit Server VM (25.211-b12 mixed mode windows-amd64 compressed oops)
# Failed to write core dump. Minidumps are not enabled by default on client versions of Windows
#
# If you would like to submit a bug report, please visit:
#   http://bugreport.java.com/bugreport/crash.jsp
#

---------------  T H R E A D  ---------------

Current thread (0x0000000002fcd800):  VMThread [stack: 0x000000001f350000,0x000000001f450000] [id=56364]

Stack: [0x000000001f350000,0x000000001f450000]
[error occurred during error reporting (printing stack bounds), id 0xc0000005]

Native frames: (J=compiled Java code, j=interpreted, Vv=VM code, C=native code)

VM_Operation (0x000000001fa5f430): GetOrSetLocal, mode: safepoint, requested by thread 0x000000001e303800


---------------  P R O C E S S  ---------------

Java Threads: ( => current thread )
  0x0000000024a62000 JavaThread "DestroyJavaVM" [_thread_blocked, id=11300, stack(0x0000000002dd0000,0x0000000002ed0000)]
  0x00000000249be000 JavaThread "http-nio-8080-Acceptor" daemon [_thread_in_native, id=59992, stack(0x0000000026ca0000,0x0000000026da0000)]
  0x00000000249be800 JavaThread "http-nio-8080-ClientPoller" daemon [_thread_in_native, id=8256, stack(0x0000000026ba0000,0x0000000026ca0000)]
  0x00000000249bd000 JavaThread "http-nio-8080-exec-10" daemon [_thread_blocked, id=60616, stack(0x0000000026aa0000,0x0000000026ba0000)]
  0x00000000249bc800 JavaThread "http-nio-8080-exec-9" daemon [_thread_blocked, id=59808, stack(0x00000000269a0000,0x0000000026aa0000)]
  0x00000000249bb800 JavaThread "http-nio-8080-exec-8" daemon [_thread_blocked, id=60548, stack(0x00000000268a0000,0x00000000269a0000)]
  0x00000000249bb000 JavaThread "http-nio-8080-exec-7" daemon [_thread_blocked, id=37520, stack(0x00000000267a0000,0x00000000268a0000)]
  0x00000000249b8800 JavaThread "http-nio-8080-exec-6" daemon [_thread_blocked, id=18508, stack(0x00000000266a0000,0x00000000267a0000)]
  0x00000000249ba000 JavaThread "http-nio-8080-exec-5" daemon [_thread_blocked, id=55404, stack(0x00000000265a0000,0x00000000266a0000)]
  0x00000000249b9800 JavaThread "http-nio-8080-exec-4" daemon [_thread_blocked, id=58544, stack(0x00000000264a0000,0x00000000265a0000)]
  0x00000000249b8000 JavaThread "http-nio-8080-exec-3" daemon [_thread_blocked, id=15116, stack(0x00000000263a0000,0x00000000264a0000)]
  0x00000000249b7000 JavaThread "http-nio-8080-exec-2" daemon [_thread_blocked, id=3628, stack(0x00000000262a0000,0x00000000263a0000)]
  0x00000000249ae800 JavaThread "http-nio-8080-exec-1" daemon [_thread_blocked, id=43848, stack(0x00000000261a0000,0x00000000262a0000)]
  0x00000000241e2800 JavaThread "http-nio-8080-BlockPoller" daemon [_thread_in_native, id=56316, stack(0x00000000260a0000,0x00000000261a0000)]
  0x00000000242da000 JavaThread "File Watcher" daemon [_thread_blocked, id=56176, stack(0x0000000025fa0000,0x00000000260a0000)]
  0x00000000247ed800 JavaThread "Live Reload Server" daemon [_thread_in_native, id=60252, stack(0x00000000258a0000,0x00000000259a0000)]
  0x0000000022484800 JavaThread "container-0" [_thread_blocked, id=59284, stack(0x00000000238d0000,0x00000000239d0000)]
  0x0000000022469800 JavaThread "Catalina-utility-2" [_thread_blocked, id=38760, stack(0x00000000237d0000,0x00000000238d0000)]
  0x0000000022469000 JavaThread "Catalina-utility-1" [_thread_blocked, id=42908, stack(0x00000000236d0000,0x00000000237d0000)]
  0x000000001e3ce000 JavaThread "Service Thread" daemon [_thread_blocked, id=59420, stack(0x0000000020060000,0x0000000020160000)]
  0x000000001e32f800 JavaThread "C1 CompilerThread3" daemon [_thread_blocked, id=52192, stack(0x000000001ff60000,0x0000000020060000)]
  0x000000001e32c800 JavaThread "C2 CompilerThread2" daemon [_thread_blocked, id=43788, stack(0x000000001fe60000,0x000000001ff60000)]
  0x000000001e32c000 JavaThread "C2 CompilerThread1" daemon [_thread_blocked, id=55244, stack(0x000000001fd60000,0x000000001fe60000)]
  0x000000001e32a800 JavaThread "C2 CompilerThread0" daemon [_thread_blocked, id=55548, stack(0x000000001fc60000,0x000000001fd60000)]
  0x000000001e315000 JavaThread "JDWP Command Reader" daemon [_thread_in_native, id=58444, stack(0x000000001fb60000,0x000000001fc60000)]
  0x000000001e310000 JavaThread "JDWP Event Helper Thread" daemon [_thread_blocked, id=42260, stack(0x000000001fa60000,0x000000001fb60000)]
  0x000000001e303800 JavaThread "JDWP Transport Listener: dt_socket" daemon [_thread_blocked, id=45516, stack(0x000000001f960000,0x000000001fa60000)]
  0x000000001e2f7800 JavaThread "Attach Listener" daemon [_thread_blocked, id=58464, stack(0x000000001f860000,0x000000001f960000)]
  0x000000001e2f6800 JavaThread "Signal Dispatcher" daemon [_thread_blocked, id=60316, stack(0x000000001f760000,0x000000001f860000)]
  0x000000001cc14000 JavaThread "Finalizer" daemon [_thread_blocked, id=57108, stack(0x000000001f550000,0x000000001f650000)]
  0x000000001e2e3000 JavaThread "Reference Handler" daemon [_thread_blocked, id=37792, stack(0x000000001f450000,0x000000001f550000)]

Other Threads:
=>0x0000000002fcd800 VMThread [stack: 0x000000001f350000,0x000000001f450000] [id=56364]
  0x000000001e3d9800 WatcherThread [stack: 0x0000000020160000,0x0000000020260000] [id=59748]

VM state:at safepoint (normal execution)

VM Mutex/Monitor currently owned by a thread:  ([mutex/lock_event])
[0x0000000002ed3900] Threads_lock - owner thread: 0x0000000002fcd800

heap address: 0x00000006c1800000, size: 4072 MB, Compressed Oops mode: Zero based, Oop shift amount: 3
Narrow klass base: 0x0000000000000000, Narrow klass shift: 3
Compressed class space size: 1073741824 Address: 0x00000007c0000000

Heap:
 PSYoungGen      total 371712K, used 298244K [0x000000076b300000, 0x0000000782f00000, 0x00000007c0000000)
  eden space 353792K, 82% used [0x000000076b300000,0x000000077ce590d0,0x0000000780c80000)
  from space 17920K, 45% used [0x0000000780c80000,0x0000000781468010,0x0000000781e00000)
  to   space 17408K, 0% used [0x0000000781e00000,0x0000000781e00000,0x0000000782f00000)
 ParOldGen       total 275968K, used 44034K [0x00000006c1800000, 0x00000006d2580000, 0x000000076b300000)
  object space 275968K, 15% used [0x00000006c1800000,0x00000006c4300a20,0x00000006d2580000)
 Metaspace       used 59237K, capacity 62764K, committed 63064K, reserved 1103872K
  class space    used 8182K, capacity 8784K, committed 8832K, reserved 1048576K

Card table byte_map: [0x0000000012390000,0x0000000012b90000] byte_map_base: 0x000000000ed84000

Marking Bits: (ParMarkBitMap*) 0x000000005b7f5ce0
 Begin Bits: [0x0000000013ae0000, 0x0000000017a80000)
 End Bits:   [0x0000000017a80000, 0x000000001ba20000)

Polling page: 0x00000000013e0000

CodeCache: size=245760Kb used=10962Kb max_used=11034Kb free=234797Kb
 bounds [0x0000000002fd0000, 0x0000000003aa0000, 0x0000000011fd0000]
 total_blobs=6400 nmethods=5853 adapters=466
 compilation: enabled

Compilation events (10 events):
Event: 888.683 Thread 0x000000001e32f800 5959       1       sun.management.MemoryUsageCompositeData::<init> (10 bytes)
Event: 888.683 Thread 0x000000001e32f800 nmethod 5959 0x00000000036d7a50 code [0x00000000036d7ba0, 0x00000000036d7cd0]
Event: 888.683 Thread 0x000000001e32f800 5960   !   1       sun.management.MemoryUsageCompositeData::getCompositeData (98 bytes)
Event: 888.683 Thread 0x000000001e32f800 nmethod 5960 0x00000000036d6e50 code [0x00000000036d7000, 0x00000000036d7648]
Event: 980.902 Thread 0x000000001e32f800 5961       1       javax.management.ObjectName::addProperty (98 bytes)
Event: 980.902 Thread 0x000000001e32f800 nmethod 5961 0x00000000036d6150 code [0x00000000036d6340, 0x00000000036d6998]
Event: 980.902 Thread 0x000000001e32f800 5962       1       javax.management.ObjectName$Property::setKeyIndex (6 bytes)
Event: 980.902 Thread 0x000000001e32f800 nmethod 5962 0x0000000003125310 code [0x0000000003125460, 0x0000000003125570]
Event: 1075.645 Thread 0x000000001e32f800 5963       1       org.apache.catalina.loader.WebappLoader::getClassLoader (5 bytes)
Event: 1075.645 Thread 0x000000001e32f800 nmethod 5963 0x00000000030fa8d0 code [0x00000000030faa20, 0x00000000030fab30]

GC Heap History (10 events):
Event: 980.897 GC heap before
{Heap before GC invocations=42 (full 3):
 PSYoungGen      total 372736K, used 355456K [0x000000076b300000, 0x0000000783300000, 0x00000007c0000000)
  eden space 352256K, 100% used [0x000000076b300000,0x0000000780b00000,0x0000000780b00000)
  from space 20480K, 15% used [0x0000000781f00000,0x0000000782220010,0x0000000783300000)
  to   space 20480K, 0% used [0x0000000780b00000,0x0000000780b00000,0x0000000781f00000)
 ParOldGen       total 275968K, used 43818K [0x00000006c1800000, 0x00000006d2580000, 0x000000076b300000)
  object space 275968K, 15% used [0x00000006c1800000,0x00000006c42caad0,0x00000006d2580000)
 Metaspace       used 59217K, capacity 62764K, committed 63064K, reserved 1103872K
  class space    used 8181K, capacity 8784K, committed 8832K, reserved 1048576K
Event: 980.901 GC heap after
Heap after GC invocations=42 (full 3):
 PSYoungGen      total 372736K, used 7680K [0x000000076b300000, 0x0000000783200000, 0x00000007c0000000)
  eden space 352256K, 0% used [0x000000076b300000,0x000000076b300000,0x0000000780b00000)
  from space 20480K, 37% used [0x0000000780b00000,0x0000000781280010,0x0000000781f00000)
  to   space 19456K, 0% used [0x0000000781f00000,0x0000000781f00000,0x0000000783200000)
 ParOldGen       total 275968K, used 43874K [0x00000006c1800000, 0x00000006d2580000, 0x000000076b300000)
  object space 275968K, 15% used [0x00000006c1800000,0x00000006c42d8ad0,0x00000006d2580000)
 Metaspace       used 59217K, capacity 62764K, committed 63064K, reserved 1103872K
  class space    used 8181K, capacity 8784K, committed 8832K, reserved 1048576K
}
Event: 1013.570 GC heap before
{Heap before GC invocations=43 (full 3):
 PSYoungGen      total 372736K, used 359936K [0x000000076b300000, 0x0000000783200000, 0x00000007c0000000)
  eden space 352256K, 100% used [0x000000076b300000,0x0000000780b00000,0x0000000780b00000)
  from space 20480K, 37% used [0x0000000780b00000,0x0000000781280010,0x0000000781f00000)
  to   space 19456K, 0% used [0x0000000781f00000,0x0000000781f00000,0x0000000783200000)
 ParOldGen       total 275968K, used 43874K [0x00000006c1800000, 0x00000006d2580000, 0x000000076b300000)
  object space 275968K, 15% used [0x00000006c1800000,0x00000006c42d8ad0,0x00000006d2580000)
 Metaspace       used 59217K, capacity 62764K, committed 63064K, reserved 1103872K
  class space    used 8181K, capacity 8784K, committed 8832K, reserved 1048576K
Event: 1013.574 GC heap after
Heap after GC invocations=43 (full 3):
 PSYoungGen      total 372736K, used 2912K [0x000000076b300000, 0x0000000783200000, 0x00000007c0000000)
  eden space 353280K, 0% used [0x000000076b300000,0x000000076b300000,0x0000000780c00000)
  from space 19456K, 14% used [0x0000000781f00000,0x00000007821d8010,0x0000000783200000)
  to   space 19456K, 0% used [0x0000000780c00000,0x0000000780c00000,0x0000000781f00000)
 ParOldGen       total 275968K, used 43882K [0x00000006c1800000, 0x00000006d2580000, 0x000000076b300000)
  object space 275968K, 15% used [0x00000006c1800000,0x00000006c42daad0,0x00000006d2580000)
 Metaspace       used 59217K, capacity 62764K, committed 63064K, reserved 1103872K
  class space    used 8181K, capacity 8784K, committed 8832K, reserved 1048576K
}
Event: 1045.879 GC heap before
{Heap before GC invocations=44 (full 3):
 PSYoungGen      total 372736K, used 356192K [0x000000076b300000, 0x0000000783200000, 0x00000007c0000000)
  eden space 353280K, 100% used [0x000000076b300000,0x0000000780c00000,0x0000000780c00000)
  from space 19456K, 14% used [0x0000000781f00000,0x00000007821d8010,0x0000000783200000)
  to   space 19456K, 0% used [0x0000000780c00000,0x0000000780c00000,0x0000000781f00000)
 ParOldGen       total 275968K, used 43882K [0x00000006c1800000, 0x00000006d2580000, 0x000000076b300000)
  object space 275968K, 15% used [0x00000006c1800000,0x00000006c42daad0,0x00000006d2580000)
 Metaspace       used 59217K, capacity 62764K, committed 63064K, reserved 1103872K
  class space    used 8181K, capacity 8784K, committed 8832K, reserved 1048576K
Event: 1045.883 GC heap after
Heap after GC invocations=44 (full 3):
 PSYoungGen      total 360960K, used 7648K [0x000000076b300000, 0x0000000783080000, 0x00000007c0000000)
  eden space 353280K, 0% used [0x000000076b300000,0x000000076b300000,0x0000000780c00000)
  from space 7680K, 99% used [0x0000000780c00000,0x0000000781378010,0x0000000781380000)
  to   space 18432K, 0% used [0x0000000781e80000,0x0000000781e80000,0x0000000783080000)
 ParOldGen       total 275968K, used 43962K [0x00000006c1800000, 0x00000006d2580000, 0x000000076b300000)
  object space 275968K, 15% used [0x00000006c1800000,0x00000006c42eea20,0x00000006d2580000)
 Metaspace       used 59217K, capacity 62764K, committed 63064K, reserved 1103872K
  class space    used 8181K, capacity 8784K, committed 8832K, reserved 1048576K
}
Event: 1078.459 GC heap before
{Heap before GC invocations=45 (full 3):
 PSYoungGen      total 360960K, used 360928K [0x000000076b300000, 0x0000000783080000, 0x00000007c0000000)
  eden space 353280K, 100% used [0x000000076b300000,0x0000000780c00000,0x0000000780c00000)
  from space 7680K, 99% used [0x0000000780c00000,0x0000000781378010,0x0000000781380000)
  to   space 18432K, 0% used [0x0000000781e80000,0x0000000781e80000,0x0000000783080000)
 ParOldGen       total 275968K, used 43962K [0x00000006c1800000, 0x00000006d2580000, 0x000000076b300000)
  object space 275968K, 15% used [0x00000006c1800000,0x00000006c42eea20,0x00000006d2580000)
 Metaspace       used 59217K, capacity 62764K, committed 63064K, reserved 1103872K
  class space    used 8181K, capacity 8784K, committed 8832K, reserved 1048576K
Event: 1078.462 GC heap after
Heap after GC invocations=45 (full 3):
 PSYoungGen      total 371200K, used 3072K [0x000000076b300000, 0x0000000782f80000, 0x00000007c0000000)
  eden space 353792K, 0% used [0x000000076b300000,0x000000076b300000,0x0000000780c80000)
  from space 17408K, 17% used [0x0000000781e80000,0x0000000782180010,0x0000000782f80000)
  to   space 17920K, 0% used [0x0000000780c80000,0x0000000780c80000,0x0000000781e00000)
 ParOldGen       total 275968K, used 44018K [0x00000006c1800000, 0x00000006d2580000, 0x000000076b300000)
  object space 275968K, 15% used [0x00000006c1800000,0x00000006c42fca20,0x00000006d2580000)
 Metaspace       used 59217K, capacity 62764K, committed 63064K, reserved 1103872K
  class space    used 8181K, capacity 8784K, committed 8832K, reserved 1048576K
}
Event: 1110.021 GC heap before
{Heap before GC invocations=46 (full 3):
 PSYoungGen      total 371200K, used 356864K [0x000000076b300000, 0x0000000782f80000, 0x00000007c0000000)
  eden space 353792K, 100% used [0x000000076b300000,0x0000000780c80000,0x0000000780c80000)
  from space 17408K, 17% used [0x0000000781e80000,0x0000000782180010,0x0000000782f80000)
  to   space 17920K, 0% used [0x0000000780c80000,0x0000000780c80000,0x0000000781e00000)
 ParOldGen       total 275968K, used 44018K [0x00000006c1800000, 0x00000006d2580000, 0x000000076b300000)
  object space 275968K, 15% used [0x00000006c1800000,0x00000006c42fca20,0x00000006d2580000)
 Metaspace       used 59218K, capacity 62764K, committed 63064K, reserved 1103872K
  class space    used 8182K, capacity 8784K, committed 8832K, reserved 1048576K
Event: 1110.026 GC heap after
Heap after GC invocations=46 (full 3):
 PSYoungGen      total 371712K, used 8096K [0x000000076b300000, 0x0000000782f00000, 0x00000007c0000000)
  eden space 353792K, 0% used [0x000000076b300000,0x000000076b300000,0x0000000780c80000)
  from space 17920K, 45% used [0x0000000780c80000,0x0000000781468010,0x0000000781e00000)
  to   space 17408K, 0% used [0x0000000781e00000,0x0000000781e00000,0x0000000782f00000)
 ParOldGen       total 275968K, used 44034K [0x00000006c1800000, 0x00000006d2580000, 0x000000076b300000)
  object space 275968K, 15% used [0x00000006c1800000,0x00000006c4300a20,0x00000006d2580000)
 Metaspace       used 59218K, capacity 62764K, committed 63064K, reserved 1103872K
  class space    used 8182K, capacity 8784K, committed 8832K, reserved 1048576K
}

Deoptimization events (0 events):
No events

Classes redefined (10 events):
Event: 586.982 Thread 0x0000000002fcd800 redefined class name=br.com.nsbruno.sisinfo.model.SmamodulEntity, count=1
Event: 587.000 Thread 0x0000000002fcd800 redefined class name=br.com.nsbruno.sisinfo.model.AeagrupoEntity, count=1
Event: 587.018 Thread 0x0000000002fcd800 redefined class name=br.com.nsbruno.sisinfo.model.AeasgrupEntity, count=1
Event: 587.033 Thread 0x0000000002fcd800 redefined class name=br.com.nsbruno.sisinfo.configuration.PersistenceJPAConfiguration, count=1
Event: 587.050 Thread 0x0000000002fcd800 redefined class name=br.com.nsbruno.sisinfo.controller.PagesController, count=1
Event: 587.066 Thread 0x0000000002fcd800 redefined class name=br.com.nsbruno.sisinfo.controller.v1.PropertiesController, count=1
Event: 587.082 Thread 0x0000000002fcd800 redefined class name=br.com.nsbruno.sisinfo.controller.BaseMyController, count=1
Event: 587.098 Thread 0x0000000002fcd800 redefined class name=br.com.nsbruno.sisinfo.controller.v1.SmausuarController, count=2
Event: 587.114 Thread 0x0000000002fcd800 redefined class name=br.com.nsbruno.sisinfo.handler.exception.RestExceptionHandler, count=1
Event: 1115.411 Thread 0x0000000002fcd800 redefined class name=br.com.nsbruno.sisinfo.controller.v1.PropertiesController, count=2

Internal exceptions (10 events):
Event: 7.879 Thread 0x000000002079b800 Exception <a 'java/lang/ArrayIndexOutOfBoundsException'> (0x000000076b636018) thrown at [C:\re\workspace\8-2-build-windows-amd64-cygwin\jdk8u211\12973\hotspot\src\share\vm\runtime\sharedRuntime.cpp, line 605]
Event: 7.881 Thread 0x000000002079b800 Exception <a 'java/lang/ArrayIndexOutOfBoundsException'> (0x000000076b643a98) thrown at [C:\re\workspace\8-2-build-windows-amd64-cygwin\jdk8u211\12973\hotspot\src\share\vm\runtime\sharedRuntime.cpp, line 605]
Event: 225.870 Thread 0x00000000249ae800 Exception <a 'java/lang/ArrayIndexOutOfBoundsException'> (0x000000077651ffb0) thrown at [C:\re\workspace\8-2-build-windows-amd64-cygwin\jdk8u211\12973\hotspot\src\share\vm\runtime\sharedRuntime.cpp, line 605]
Event: 226.309 Thread 0x00000000249ae800 Exception <a 'java/lang/NoSuchMethodError': java.lang.Object.lambda$mapIfAllPresent$6(Ljava/util/Optional;Ljava/util/function/BiFunction;Ljava/lang/Object;)Ljava/util/Optional;> (0x000000076c66e600) thrown at [C:\re\workspace\8-2-build-windows-amd64-cygwi
Event: 226.309 Thread 0x00000000249ae800 Exception <a 'java/lang/NoSuchMethodError': java.lang.Object.lambda$null$5(Ljava/util/function/BiFunction;Ljava/lang/Object;Ljava/lang/Object;)Ljava/lang/Object;> (0x000000076c672f20) thrown at [C:\re\workspace\8-2-build-windows-amd64-cygwin\jdk8u211\1297
Event: 226.476 Thread 0x00000000249ae800 Exception <a 'java/lang/ArrayIndexOutOfBoundsException'> (0x000000076cc599e0) thrown at [C:\re\workspace\8-2-build-windows-amd64-cygwin\jdk8u211\12973\hotspot\src\share\vm\runtime\sharedRuntime.cpp, line 605]
Event: 226.487 Thread 0x00000000249ae800 Exception <a 'java/lang/ArrayIndexOutOfBoundsException'> (0x000000076cd4f8a0) thrown at [C:\re\workspace\8-2-build-windows-amd64-cygwin\jdk8u211\12973\hotspot\src\share\vm\runtime\sharedRuntime.cpp, line 605]
Event: 226.495 Thread 0x00000000249ae800 Exception <a 'java/lang/ArrayIndexOutOfBoundsException'> (0x000000076ce2c1f8) thrown at [C:\re\workspace\8-2-build-windows-amd64-cygwin\jdk8u211\12973\hotspot\src\share\vm\runtime\sharedRuntime.cpp, line 605]
Event: 257.201 Thread 0x00000000249ae800 Exception <a 'java/lang/ArrayIndexOutOfBoundsException'> (0x000000076f22f660) thrown at [C:\re\workspace\8-2-build-windows-amd64-cygwin\jdk8u211\12973\hotspot\src\share\vm\runtime\sharedRuntime.cpp, line 605]
Event: 257.213 Thread 0x00000000249ae800 Exception <a 'java/lang/NoSuchMethodError': java.lang.Object.lambda$builder$1(Ljava/lang/String;)Lio/micrometer/core/instrument/Timer$Builder;> (0x000000076f2ffc00) thrown at [C:\re\workspace\8-2-build-windows-amd64-cygwin\jdk8u211\12973\hotspot\src\share

Events (10 events):
Event: 1110.026 Executing VM operation: ParallelGCFailedAllocation done
Event: 1115.382 Executing VM operation: RedefineClasses
Event: 1115.412 Executing VM operation: RedefineClasses done
Event: 1115.913 Executing VM operation: ChangeBreakpoints
Event: 1115.913 Executing VM operation: ChangeBreakpoints done
Event: 1116.077 Executing VM operation: ChangeBreakpoints
Event: 1116.080 Executing VM operation: ChangeBreakpoints done
Event: 1116.117 Executing VM operation: ChangeBreakpoints
Event: 1116.118 Executing VM operation: ChangeBreakpoints done
Event: 1135.009 Executing VM operation: GetOrSetLocal


Dynamic libraries:
0x00007ff7c7f00000 - 0x00007ff7c7f37000 	C:\Program Files\Java\jdk1.8.0_211\jre\bin\java.exe
0x00007ffb3e2c0000 - 0x00007ffb3e4ad000 	C:\Windows\SYSTEM32\ntdll.dll
0x00007ffb3de60000 - 0x00007ffb3df13000 	C:\Windows\System32\KERNEL32.DLL
0x00007ffb3acf0000 - 0x00007ffb3af83000 	C:\Windows\System32\KERNELBASE.dll
0x00007ffb3dad0000 - 0x00007ffb3db73000 	C:\Windows\System32\ADVAPI32.dll
0x00007ffb3e1c0000 - 0x00007ffb3e25e000 	C:\Windows\System32\msvcrt.dll
0x00007ffb3d820000 - 0x00007ffb3d8be000 	C:\Windows\System32\sechost.dll
0x00007ffb3e090000 - 0x00007ffb3e1b2000 	C:\Windows\System32\RPCRT4.dll
0x00007ffb3d930000 - 0x00007ffb3dac7000 	C:\Windows\System32\USER32.dll
0x00007ffb3b410000 - 0x00007ffb3b430000 	C:\Windows\System32\win32u.dll
0x00007ffb3d270000 - 0x00007ffb3d299000 	C:\Windows\System32\GDI32.dll
0x00007ffb3b270000 - 0x00007ffb3b409000 	C:\Windows\System32\gdi32full.dll
0x00007ffb3ac20000 - 0x00007ffb3acc0000 	C:\Windows\System32\msvcp_win.dll
0x00007ffb3af90000 - 0x00007ffb3b08a000 	C:\Windows\System32\ucrtbase.dll
0x00007ffb279c0000 - 0x00007ffb27c39000 	C:\Windows\WinSxS\amd64_microsoft.windows.common-controls_6595b64144ccf1df_6.0.17763.802_none_05b1445c0722d2cc\COMCTL32.dll
0x00007ffb3d3b0000 - 0x00007ffb3d6dc000 	C:\Windows\System32\combase.dll
0x00007ffb3a3a0000 - 0x00007ffb3a41e000 	C:\Windows\System32\bcryptPrimitives.dll
0x00007ffb3df20000 - 0x00007ffb3df4e000 	C:\Windows\System32\IMM32.DLL
0x000000005bdc0000 - 0x000000005be92000 	C:\Program Files\Java\jdk1.8.0_211\jre\bin\msvcr100.dll
0x000000005afd0000 - 0x000000005b875000 	C:\Program Files\Java\jdk1.8.0_211\jre\bin\server\jvm.dll
0x00007ffb3de50000 - 0x00007ffb3de58000 	C:\Windows\System32\PSAPI.DLL
0x00007ffb10aa0000 - 0x00007ffb10aa9000 	C:\Windows\SYSTEM32\WSOCK32.dll
0x00007ffb38450000 - 0x00007ffb38474000 	C:\Windows\SYSTEM32\WINMM.dll
0x00007ffb35810000 - 0x00007ffb3581a000 	C:\Windows\SYSTEM32\VERSION.dll
0x00007ffb3d8c0000 - 0x00007ffb3d92d000 	C:\Windows\System32\WS2_32.dll
0x00007ffb383f0000 - 0x00007ffb3841d000 	C:\Windows\SYSTEM32\WINMMBASE.dll
0x00007ffb3a350000 - 0x00007ffb3a39a000 	C:\Windows\System32\cfgmgr32.dll
0x00007ffb32e80000 - 0x00007ffb32e8f000 	C:\Program Files\Java\jdk1.8.0_211\jre\bin\verify.dll
0x00007ffb2f3d0000 - 0x00007ffb2f3f9000 	C:\Program Files\Java\jdk1.8.0_211\jre\bin\java.dll
0x00007ffb100d0000 - 0x00007ffb10105000 	C:\Program Files\Java\jdk1.8.0_211\jre\bin\jdwp.dll
0x00007ffb36a60000 - 0x00007ffb36a68000 	C:\Program Files\Java\jdk1.8.0_211\jre\bin\npt.dll
0x00007ffb2b230000 - 0x00007ffb2b246000 	C:\Program Files\Java\jdk1.8.0_211\jre\bin\zip.dll
0x00007ffb3bc40000 - 0x00007ffb3d134000 	C:\Windows\System32\SHELL32.dll
0x00007ffb3d300000 - 0x00007ffb3d3a8000 	C:\Windows\System32\shcore.dll
0x00007ffb3a420000 - 0x00007ffb3ab6d000 	C:\Windows\System32\windows.storage.dll
0x00007ffb3a320000 - 0x00007ffb3a344000 	C:\Windows\System32\profapi.dll
0x00007ffb3a2a0000 - 0x00007ffb3a2fd000 	C:\Windows\System32\powrprof.dll
0x00007ffb3d2a0000 - 0x00007ffb3d2f2000 	C:\Windows\System32\shlwapi.dll
0x00007ffb3a280000 - 0x00007ffb3a291000 	C:\Windows\System32\kernel.appcore.dll
0x00007ffb3b490000 - 0x00007ffb3b4a7000 	C:\Windows\System32\cryptsp.dll
0x00007ffb33b60000 - 0x00007ffb33b69000 	C:\Program Files\Java\jdk1.8.0_211\jre\bin\dt_socket.dll
0x00007ffb39a90000 - 0x00007ffb39af7000 	C:\Windows\system32\mswsock.dll
0x00007ffb2f360000 - 0x00007ffb2f36d000 	C:\Program Files\Java\jdk1.8.0_211\jre\bin\management.dll
0x00007ffb2b210000 - 0x00007ffb2b22a000 	C:\Program Files\Java\jdk1.8.0_211\jre\bin\net.dll
0x00007ffb30730000 - 0x00007ffb30907000 	C:\Windows\SYSTEM32\urlmon.dll
0x00007ffb30010000 - 0x00007ffb302b8000 	C:\Windows\SYSTEM32\iertutil.dll
0x00007ffb39c60000 - 0x00007ffb39c6c000 	C:\Windows\SYSTEM32\CRYPTBASE.DLL
0x00007ffb00220000 - 0x00007ffb00236000 	C:\Windows\system32\napinsp.dll
0x00007ffb00200000 - 0x00007ffb0021a000 	C:\Windows\system32\pnrpnsp.dll
0x00007ffb397f0000 - 0x00007ffb398b6000 	C:\Windows\SYSTEM32\DNSAPI.dll
0x00007ffb3e080000 - 0x00007ffb3e088000 	C:\Windows\System32\NSI.dll
0x00007ffb397b0000 - 0x00007ffb397ed000 	C:\Windows\SYSTEM32\IPHLPAPI.DLL
0x00007ffb00260000 - 0x00007ffb0026e000 	C:\Windows\System32\winrnr.dll
0x00007ffb36ab0000 - 0x00007ffb36acb000 	C:\Windows\system32\NLAapi.dll
0x00007ffb277f0000 - 0x00007ffb27805000 	C:\Windows\system32\wshbth.dll
0x00007ffb35150000 - 0x00007ffb3515a000 	C:\Windows\System32\rasadhlp.dll
0x00007ffb32e00000 - 0x00007ffb32e79000 	C:\Windows\System32\fwpuclnt.dll
0x00007ffb3acc0000 - 0x00007ffb3ace6000 	C:\Windows\System32\bcrypt.dll
0x00007ffb2b100000 - 0x00007ffb2b112000 	C:\Program Files\Java\jdk1.8.0_211\jre\bin\nio.dll
0x00007ffb39610000 - 0x00007ffb39643000 	C:\Windows\system32\rsaenh.dll
0x00007ffb3a1b0000 - 0x00007ffb3a1d8000 	C:\Windows\SYSTEM32\USERENV.dll
0x00007ffb35660000 - 0x00007ffb35676000 	C:\Windows\SYSTEM32\dhcpcsvc6.DLL
0x00007ffb35640000 - 0x00007ffb3565c000 	C:\Windows\SYSTEM32\dhcpcsvc.DLL

VM Arguments:
jvm_args: -Xverify:none -XX:TieredStopAtLevel=1 -Xdebug -Xrunjdwp:transport=dt_socket,server=n,address=62660 -Xverify:none -XX:TieredStopAtLevel=1 
java_command: br.com.nsbruno.sisinfo.SisinfoApplication
java_class_path (initial): D:\Nogueira\Bruno\Programa Desktop - Sisinfo\SisInfoWeb\Codigo Fonte\SisInfoWeb\target\classes;C:\Users\Nogueira\.m2\repository\org\springframework\boot\spring-boot-starter-data-jpa\2.2.1.BUILD-SNAPSHOT\spring-boot-starter-data-jpa-2.2.1.BUILD-SNAPSHOT.jar;C:\Users\Nogueira\.m2\repository\org\springframework\boot\spring-boot-starter-aop\2.2.1.BUILD-SNAPSHOT\spring-boot-starter-aop-2.2.1.BUILD-SNAPSHOT.jar;C:\Users\Nogueira\.m2\repository\org\aspectj\aspectjweaver\1.9.4\aspectjweaver-1.9.4.jar;C:\Users\Nogueira\.m2\repository\org\springframework\boot\spring-boot-starter-jdbc\2.2.1.BUILD-SNAPSHOT\spring-boot-starter-jdbc-2.2.1.BUILD-SNAPSHOT.jar;C:\Users\Nogueira\.m2\repository\com\zaxxer\HikariCP\3.4.1\HikariCP-3.4.1.jar;C:\Users\Nogueira\.m2\repository\org\springframework\spring-jdbc\5.2.1.RELEASE\spring-jdbc-5.2.1.RELEASE.jar;C:\Users\Nogueira\.m2\repository\jakarta\activation\jakarta.activation-api\1.2.1\jakarta.activation-api-1.2.1.jar;C:\Users\Nogueira\.m2\repository\jakarta\persistence\jakarta.persistence-api\2.2.3\jakarta.persistence-api-2.2.3.jar;C:\Users\Nogueira\.m2\repository\jakarta\transaction\jakarta.transaction-api\1.3.3\jakarta.transaction-api-1.3.3.jar;C:\Users\Nogueira\.m2\repository\org\hibernate\hibernate-core\5.4.8.Final\hibernate-core-5.4.8.Final.jar;C:\Users\Nogueira\.m2\repository\org\jboss\logging\jboss-logging\3.4.1.Final\jboss-logging-3.4.1.Final.jar;C:\Users\Nogueira\.m2\repository\org\javassist\javassist\3.24.0-GA\javassist-3.24.0-GA.jar;C:\Users\Nogueira\.m2\repository\net\bytebuddy\byte-buddy\1.10.2\byte-buddy-1.10.2.jar;C:\Users\Nogueira\.m2\repository\antlr\antlr\2.7.7\antlr-2.7.7.jar;C:\Users\Nogueira\.m2\repository\org\jboss\jandex\2.0.5.Final\jandex-2.0.5.Final.jar;C:\Users\Nogueira\.m2\repository\com\fasterxml\classmate\1.5.1\classmate-1.5.1.jar;C:\Users\Nogueira\.m2\repository\org\dom4j\dom4j\2.1.1\dom4j-2.1.1.jar;C:\Users\Nogueira\.m2\repository\org\hibernate\common\hibernate-commons-annotations\5.1.
Launcher Type: SUN_STANDARD

Environment Variables:
JAVA_HOME=C:\Program Files\Java\jdk1.8.0_211
PATH=C:\Program Files (x86)\Common Files\Oracle\Java\javapath;C:\Windows\system32;C:\Windows;C:\Windows\System32\Wbem;C:\Windows\System32\WindowsPowerShell\v1.0\;C:\Windows\System32\OpenSSH\;D:\Arquivos de Programas\Git\cmd;D:\Arquivos de Programas\nodejs\;D:\Nogueira\AppData\Local\Microsoft\WindowsApps;D:\Nogueira\AppData\Local\Programs\Microsoft VS Code\bin;D:\Nogueira\AppData\Roaming\npm;C:\Users\Nogueira\AppData\Roaming\npm
USERNAME=Nogueira
OS=Windows_NT
PROCESSOR_IDENTIFIER=Intel64 Family 6 Model 158 Stepping 10, GenuineIntel



---------------  S Y S T E M  ---------------

OS: Windows 10.0 , 64 bit Build 17763 (10.0.17763.475)

CPU:total 12 (initial active 12) (6 cores per cpu, 2 threads per core) family 6 model 158 stepping 10, cmov, cx8, fxsr, mmx, sse, sse2, sse3, ssse3, sse4.1, sse4.2, popcnt, avx, avx2, aes, clmul, erms, 3dnowpref, lzcnt, ht, tsc, tscinvbit, bmi1, bmi2, adx

Memory: 4k page, physical 16677076k(1890860k free), swap 38697172k(12422504k free)

vm_info: Java HotSpot(TM) 64-Bit Server VM (25.211-b12) for windows-amd64 JRE (1.8.0_211-b12), built on Apr  1 2019 20:53:26 by "java_re" with MS VC++ 10.0 (VS2010)

time: Mon Nov 11 20:05:18 2019
timezone: Hora Padrão de Caracas
elapsed time: 1135 seconds (0d 0h 18m 55s)

