#
# A fatal error has been detected by the Java Runtime Environment:
#
#  Internal Error (t:/workspace/open/src/hotspot/share/utilities/constantTag.cpp:65), pid=16464, tid=18380
#  Error: ShouldNotReachHere()
#
# JRE version: Java(TM) SE Runtime Environment (11.0.5+10) (build 11.0.5+10-LTS)
# Java VM: Java HotSpot(TM) 64-Bit Server VM (11.0.5+10-LTS, mixed mode, tiered, compressed oops, g1 gc, windows-amd64)
# No core dump will be written. Minidumps are not enabled by default on client versions of Windows
#
# If you would like to submit a bug report, please visit:
#   http://bugreport.java.com/bugreport/crash.jsp
#

---------------  S U M M A R Y ------------

Command Line: -Xverify:none -XX:TieredStopAtLevel=1 -Xdebug -Xrunjdwp:transport=dt_socket,server=n,address=52199 -Xverify:none -XX:TieredStopAtLevel=1 br.com.nsbruno.sisinfo.SisinfoApplication

Host: Intel(R) Core(TM) i5-7200U CPU @ 2.50GHz, 4 cores, 7G,  Windows 10 , 64 bit Build 18362 (10.0.18362.329)
Time: Sun Dec 29 17:12:37 2019 Hora Padrão de Caracas elapsed time: 58095 seconds (0d 16h 8m 15s)

---------------  T H R E A D  ---------------

Current thread (0x000002074b474000):  VMThread "VM Thread" [stack: 0x000000adaf100000,0x000000adaf200000] [id=18380]

Stack: [0x000000adaf100000,0x000000adaf200000]
[error occurred during error reporting (printing stack bounds), id 0xc0000005, EXCEPTION_ACCESS_VIOLATION (0xc0000005) at pc=0x0000020735460bad]

Native frames: (J=compiled Java code, j=interpreted, Vv=VM code, C=native code)
V  [jvm.dll+0x63611a]
V  [jvm.dll+0x77426f]
V  [jvm.dll+0x77591a]
V  [jvm.dll+0x775f35]
V  [jvm.dll+0x775eeb]
V  [jvm.dll+0x635826]
V  [jvm.dll+0x635be8]
C  [ntdll.dll+0xa11ff]
C  [ntdll.dll+0x6a289]
C  [ntdll.dll+0x9fe6e]
C  0x0000020735460bad

VM_Operation (0x000000adaf8ff4c0): GetOrSetLocal, mode: safepoint, requested by thread 0x000002074bf2d800


---------------  P R O C E S S  ---------------

Threads class SMR info:
_java_thread_list=0x0000020750144b30, length=30, elements={
0x000002074b47a800, 0x000002074b484800, 0x000002074b495000, 0x000002074b498000,
0x000002074b49a000, 0x000002074b4a5800, 0x000002074bf2d800, 0x000002074bf2e800,
0x000002074bf30000, 0x000002074bf3d800, 0x000002074bf51000, 0x000002074c527800,
0x000002074c7aa000, 0x000002074c7b8000, 0x00000207503ea000, 0x000002074c78e000,
0x000002074c78f800, 0x000002074c790800, 0x000002074c791800, 0x0000020750054000,
0x0000020750050800, 0x000002075004e000, 0x0000020750051800, 0x000002075004f800,
0x0000020750052000, 0x0000020750053000, 0x0000020750054800, 0x000002075004f000,
0x0000020750346000, 0x0000020750348000
}

Java Threads: ( => current thread )
  0x000002074b47a800 JavaThread "Reference Handler" daemon [_thread_blocked, id=9832, stack(0x000000adaf200000,0x000000adaf300000)]
  0x000002074b484800 JavaThread "Finalizer" daemon [_thread_blocked, id=13212, stack(0x000000adaf300000,0x000000adaf400000)]
  0x000002074b495000 JavaThread "Signal Dispatcher" daemon [_thread_blocked, id=18020, stack(0x000000adaf400000,0x000000adaf500000)]
  0x000002074b498000 JavaThread "Attach Listener" daemon [_thread_blocked, id=18040, stack(0x000000adaf500000,0x000000adaf600000)]
  0x000002074b49a000 JavaThread "C1 CompilerThread0" daemon [_thread_blocked, id=11816, stack(0x000000adaf600000,0x000000adaf700000)]
  0x000002074b4a5800 JavaThread "Sweeper thread" daemon [_thread_blocked, id=13752, stack(0x000000adaf700000,0x000000adaf800000)]
  0x000002074bf2d800 JavaThread "JDWP Transport Listener: dt_socket" daemon [_thread_blocked, id=11736, stack(0x000000adaf800000,0x000000adaf900000)] _threads_hazard_ptr=0x0000020750144b30
  0x000002074bf2e800 JavaThread "JDWP Event Helper Thread" daemon [_thread_blocked, id=10032, stack(0x000000adaf900000,0x000000adafa00000)]
  0x000002074bf30000 JavaThread "JDWP Command Reader" daemon [_thread_in_native, id=9584, stack(0x000000adafa00000,0x000000adafb00000)]
  0x000002074bf3d800 JavaThread "Service Thread" daemon [_thread_blocked, id=18356, stack(0x000000adafb00000,0x000000adafc00000)]
  0x000002074bf51000 JavaThread "Common-Cleaner" daemon [_thread_blocked, id=17212, stack(0x000000adafd00000,0x000000adafe00000)]
  0x000002074c527800 JavaThread "Catalina-utility-1" [_thread_blocked, id=19056, stack(0x000000adb0200000,0x000000adb0300000)]
  0x000002074c7aa000 JavaThread "Catalina-utility-2" [_thread_blocked, id=4684, stack(0x000000adb0400000,0x000000adb0500000)]
  0x000002074c7b8000 JavaThread "container-0" [_thread_blocked, id=5460, stack(0x000000adb0500000,0x000000adb0600000)]
  0x00000207503ea000 JavaThread "Live Reload Server" daemon [_thread_in_native, id=5496, stack(0x000000adb0900000,0x000000adb0a00000)]
  0x000002074c78e000 JavaThread "File Watcher" daemon [_thread_blocked, id=16480, stack(0x000000adb0800000,0x000000adb0900000)]
  0x000002074c78f800 JavaThread "http-nio-8080-BlockPoller" daemon [_thread_blocked, id=16268, stack(0x000000adb0a00000,0x000000adb0b00000)]
  0x000002074c790800 JavaThread "http-nio-8080-exec-1" daemon [_thread_blocked, id=11740, stack(0x000000adb0b00000,0x000000adb0c00000)]
  0x000002074c791800 JavaThread "http-nio-8080-exec-2" daemon [_thread_blocked, id=16176, stack(0x000000adb0c00000,0x000000adb0d00000)]
  0x0000020750054000 JavaThread "http-nio-8080-exec-3" daemon [_thread_blocked, id=17904, stack(0x000000adb0d00000,0x000000adb0e00000)]
  0x0000020750050800 JavaThread "http-nio-8080-exec-4" daemon [_thread_blocked, id=11156, stack(0x000000adb0e00000,0x000000adb0f00000)]
  0x000002075004e000 JavaThread "http-nio-8080-exec-5" daemon [_thread_blocked, id=18648, stack(0x000000adb0f00000,0x000000adb1000000)]
  0x0000020750051800 JavaThread "http-nio-8080-exec-6" daemon [_thread_blocked, id=5732, stack(0x000000adb1000000,0x000000adb1100000)]
  0x000002075004f800 JavaThread "http-nio-8080-exec-7" daemon [_thread_blocked, id=9756, stack(0x000000adb1100000,0x000000adb1200000)]
  0x0000020750052000 JavaThread "http-nio-8080-exec-8" daemon [_thread_blocked, id=13968, stack(0x000000adb1200000,0x000000adb1300000)]
  0x0000020750053000 JavaThread "http-nio-8080-exec-9" daemon [_thread_blocked, id=5284, stack(0x000000adb1300000,0x000000adb1400000)]
  0x0000020750054800 JavaThread "http-nio-8080-exec-10" daemon [_thread_blocked, id=19504, stack(0x000000adb1400000,0x000000adb1500000)]
  0x000002075004f000 JavaThread "http-nio-8080-ClientPoller" daemon [_thread_in_native, id=4828, stack(0x000000adb1500000,0x000000adb1600000)]
  0x0000020750346000 JavaThread "http-nio-8080-Acceptor" daemon [_thread_in_native, id=10244, stack(0x000000adb1600000,0x000000adb1700000)]
  0x0000020750348000 JavaThread "DestroyJavaVM" [_thread_blocked, id=17876, stack(0x000000adaeb00000,0x000000adaec00000)]

Other Threads:
=>0x000002074b474000 VMThread "VM Thread" [stack: 0x000000adaf100000,0x000000adaf200000] [id=18380]
  0x000002074bf4a800 WatcherThread [stack: 0x000000adafc00000,0x000000adafd00000] [id=7708]
  0x000002072d11c000 GCTaskThread "GC Thread#0" [stack: 0x000000adaec00000,0x000000adaed00000] [id=8712]
  0x000002074cade800 GCTaskThread "GC Thread#1" [stack: 0x000000adafe00000,0x000000adaff00000] [id=4940]
  0x000002074cae7800 GCTaskThread "GC Thread#2" [stack: 0x000000adaff00000,0x000000adb0000000] [id=12100]
  0x000002074cbb4000 GCTaskThread "GC Thread#3" [stack: 0x000000adb0300000,0x000000adb0400000] [id=7916]
  0x000002072d14a800 ConcurrentGCThread "G1 Main Marker" [stack: 0x000000adaed00000,0x000000adaee00000] [id=7928]
  0x000002072d14c000 ConcurrentGCThread "G1 Conc#0" [stack: 0x000000adaee00000,0x000000adaef00000] [id=6488]
  0x000002074b2c0800 ConcurrentGCThread "G1 Refine#0" [stack: 0x000000adaef00000,0x000000adaf000000] [id=19600]
  0x0000020750738000 ConcurrentGCThread "G1 Refine#1" [stack: 0x000000adb0600000,0x000000adb0700000] [id=18980]
  0x000002075073d000 ConcurrentGCThread "G1 Refine#2" [stack: 0x000000adb0700000,0x000000adb0800000] [id=13236]
  0x000002074b2c1000 ConcurrentGCThread "G1 Young RemSet Sampling" [stack: 0x000000adaf000000,0x000000adaf100000] [id=17136]

Threads with active compile tasks:

VM state:at safepoint (normal execution)

VM Mutex/Monitor currently owned by a thread:  ([mutex/lock_event])
[0x000002072d102420] Threads_lock - owner thread: 0x000002074b474000

Heap address: 0x0000000081e00000, size: 2018 MB, Compressed Oops mode: 32-bit
Narrow klass base: 0x0000000000000000, Narrow klass shift: 3
Compressed class space size: 1073741824 Address: 0x0000000100000000

Heap:
 garbage-first heap   total 189440K, used 149493K [0x0000000081e00000, 0x0000000100000000)
  region size 1024K, 76 young (77824K), 6 survivors (6144K)
 Metaspace       used 68432K, capacity 70100K, committed 70428K, reserved 1110016K
  class space    used 8302K, capacity 8934K, committed 9068K, reserved 1048576K
Heap Regions: E=young(eden), S=young(survivor), O=old, HS=humongous(starts), HC=humongous(continues), CS=collection set, F=free, A=archive, TAMS=top-at-mark-start (previous, next)
|   0|0x0000000081e00000, 0x0000000081f00000, 0x0000000081f00000|100%|HS|  |TAMS 0x0000000081f00000, 0x0000000081e00000| Complete 
|   1|0x0000000081f00000, 0x0000000082000000, 0x0000000082000000|100%| O|  |TAMS 0x0000000082000000, 0x0000000081f00000| Untracked 
|   2|0x0000000082000000, 0x0000000082100000, 0x0000000082100000|100%| O|  |TAMS 0x0000000082100000, 0x0000000082000000| Untracked 
|   3|0x0000000082100000, 0x0000000082200000, 0x0000000082200000|100%| O|  |TAMS 0x0000000082200000, 0x0000000082100000| Untracked 
|   4|0x0000000082200000, 0x0000000082300000, 0x0000000082300000|100%| O|  |TAMS 0x0000000082300000, 0x0000000082200000| Untracked 
|   5|0x0000000082300000, 0x0000000082400000, 0x0000000082400000|100%| O|  |TAMS 0x0000000082400000, 0x0000000082300000| Untracked 
|   6|0x0000000082400000, 0x0000000082500000, 0x0000000082500000|100%| O|  |TAMS 0x0000000082500000, 0x0000000082400000| Untracked 
|   7|0x0000000082500000, 0x0000000082600000, 0x0000000082600000|100%| O|  |TAMS 0x0000000082600000, 0x0000000082500000| Untracked 
|   8|0x0000000082600000, 0x0000000082700000, 0x0000000082700000|100%| O|  |TAMS 0x0000000082700000, 0x0000000082600000| Untracked 
|   9|0x0000000082700000, 0x0000000082800000, 0x0000000082800000|100%| O|  |TAMS 0x0000000082800000, 0x0000000082700000| Untracked 
|  10|0x0000000082800000, 0x0000000082900000, 0x0000000082900000|100%| O|  |TAMS 0x0000000082900000, 0x0000000082800000| Untracked 
|  11|0x0000000082900000, 0x0000000082a00000, 0x0000000082a00000|100%| O|  |TAMS 0x0000000082a00000, 0x0000000082900000| Untracked 
|  12|0x0000000082a00000, 0x0000000082b00000, 0x0000000082b00000|100%| O|  |TAMS 0x0000000082b00000, 0x0000000082a00000| Untracked 
|  13|0x0000000082b00000, 0x0000000082c00000, 0x0000000082c00000|100%| O|  |TAMS 0x0000000082c00000, 0x0000000082b00000| Untracked 
|  14|0x0000000082c00000, 0x0000000082d00000, 0x0000000082d00000|100%| O|  |TAMS 0x0000000082d00000, 0x0000000082c00000| Untracked 
|  15|0x0000000082d00000, 0x0000000082e00000, 0x0000000082e00000|100%| O|  |TAMS 0x0000000082e00000, 0x0000000082d00000| Untracked 
|  16|0x0000000082e00000, 0x0000000082f00000, 0x0000000082f00000|100%| O|  |TAMS 0x0000000082f00000, 0x0000000082e00000| Untracked 
|  17|0x0000000082f00000, 0x0000000083000000, 0x0000000083000000|100%| O|  |TAMS 0x0000000083000000, 0x0000000082f00000| Untracked 
|  18|0x0000000083000000, 0x0000000083100000, 0x0000000083100000|100%| O|  |TAMS 0x0000000083100000, 0x0000000083000000| Untracked 
|  19|0x0000000083100000, 0x0000000083200000, 0x0000000083200000|100%| O|  |TAMS 0x0000000083200000, 0x0000000083100000| Untracked 
|  20|0x0000000083200000, 0x0000000083300000, 0x0000000083300000|100%| O|  |TAMS 0x0000000083300000, 0x0000000083200000| Untracked 
|  21|0x0000000083300000, 0x0000000083400000, 0x0000000083400000|100%| O|  |TAMS 0x0000000083400000, 0x0000000083300000| Untracked 
|  22|0x0000000083400000, 0x0000000083500000, 0x0000000083500000|100%| O|  |TAMS 0x0000000083500000, 0x0000000083400000| Untracked 
|  23|0x0000000083500000, 0x0000000083600000, 0x0000000083600000|100%| O|  |TAMS 0x0000000083600000, 0x0000000083500000| Untracked 
|  24|0x0000000083600000, 0x0000000083700000, 0x0000000083700000|100%| O|  |TAMS 0x0000000083700000, 0x0000000083600000| Untracked 
|  25|0x0000000083700000, 0x0000000083800000, 0x0000000083800000|100%| O|  |TAMS 0x0000000083800000, 0x0000000083700000| Untracked 
|  26|0x0000000083800000, 0x0000000083900000, 0x0000000083900000|100%| O|  |TAMS 0x0000000083900000, 0x0000000083800000| Untracked 
|  27|0x0000000083900000, 0x0000000083a00000, 0x0000000083a00000|100%| O|  |TAMS 0x0000000083a00000, 0x0000000083900000| Untracked 
|  28|0x0000000083a00000, 0x0000000083b00000, 0x0000000083b00000|100%| O|  |TAMS 0x0000000083b00000, 0x0000000083a00000| Untracked 
|  29|0x0000000083b00000, 0x0000000083c00000, 0x0000000083c00000|100%| O|  |TAMS 0x0000000083c00000, 0x0000000083b00000| Untracked 
|  30|0x0000000083c00000, 0x0000000083d00000, 0x0000000083d00000|100%| O|  |TAMS 0x0000000083d00000, 0x0000000083c00000| Untracked 
|  31|0x0000000083d00000, 0x0000000083e00000, 0x0000000083e00000|100%| O|  |TAMS 0x0000000083e00000, 0x0000000083d00000| Untracked 
|  32|0x0000000083e00000, 0x0000000083f00000, 0x0000000083f00000|100%| O|  |TAMS 0x0000000083f00000, 0x0000000083e00000| Untracked 
|  33|0x0000000083f00000, 0x0000000084000000, 0x0000000084000000|100%| O|  |TAMS 0x0000000084000000, 0x0000000083f00000| Untracked 
|  34|0x0000000084000000, 0x0000000084100000, 0x0000000084100000|100%| O|  |TAMS 0x0000000084100000, 0x0000000084000000| Untracked 
|  35|0x0000000084100000, 0x0000000084200000, 0x0000000084200000|100%| O|  |TAMS 0x0000000084200000, 0x0000000084100000| Untracked 
|  36|0x0000000084200000, 0x0000000084300000, 0x0000000084300000|100%| O|  |TAMS 0x0000000084300000, 0x0000000084200000| Untracked 
|  37|0x0000000084300000, 0x0000000084400000, 0x0000000084400000|100%| O|  |TAMS 0x0000000084400000, 0x0000000084300000| Untracked 
|  38|0x0000000084400000, 0x0000000084500000, 0x0000000084500000|100%| O|  |TAMS 0x0000000084500000, 0x0000000084400000| Untracked 
|  39|0x0000000084500000, 0x0000000084600000, 0x0000000084600000|100%| O|  |TAMS 0x0000000084600000, 0x0000000084500000| Untracked 
|  40|0x0000000084600000, 0x0000000084700000, 0x0000000084700000|100%| O|  |TAMS 0x0000000084700000, 0x0000000084600000| Untracked 
|  41|0x0000000084700000, 0x0000000084800000, 0x0000000084800000|100%| O|  |TAMS 0x0000000084800000, 0x0000000084700000| Untracked 
|  42|0x0000000084800000, 0x0000000084900000, 0x0000000084900000|100%| O|  |TAMS 0x0000000084900000, 0x0000000084800000| Untracked 
|  43|0x0000000084900000, 0x0000000084a00000, 0x0000000084a00000|100%| O|  |TAMS 0x0000000084a00000, 0x0000000084900000| Untracked 
|  44|0x0000000084a00000, 0x0000000084b00000, 0x0000000084b00000|100%| O|  |TAMS 0x0000000084b00000, 0x0000000084a00000| Untracked 
|  45|0x0000000084b00000, 0x0000000084c00000, 0x0000000084c00000|100%| O|  |TAMS 0x0000000084c00000, 0x0000000084b00000| Untracked 
|  46|0x0000000084c00000, 0x0000000084d00000, 0x0000000084d00000|100%| O|  |TAMS 0x0000000084d00000, 0x0000000084c00000| Untracked 
|  47|0x0000000084d00000, 0x0000000084e00000, 0x0000000084e00000|100%| O|  |TAMS 0x0000000084e00000, 0x0000000084d00000| Untracked 
|  48|0x0000000084e00000, 0x0000000084f00000, 0x0000000084f00000|100%| O|  |TAMS 0x0000000084f00000, 0x0000000084e00000| Untracked 
|  49|0x0000000084f00000, 0x0000000085000000, 0x0000000085000000|100%| O|  |TAMS 0x0000000085000000, 0x0000000084f00000| Untracked 
|  50|0x0000000085000000, 0x0000000085100000, 0x0000000085100000|100%| O|  |TAMS 0x0000000085100000, 0x0000000085000000| Untracked 
|  51|0x0000000085100000, 0x0000000085200000, 0x0000000085200000|100%| O|  |TAMS 0x0000000085200000, 0x0000000085100000| Untracked 
|  52|0x0000000085200000, 0x0000000085300000, 0x0000000085300000|100%| O|  |TAMS 0x0000000085300000, 0x0000000085200000| Untracked 
|  53|0x0000000085300000, 0x0000000085400000, 0x0000000085400000|100%| O|  |TAMS 0x0000000085400000, 0x0000000085300000| Untracked 
|  54|0x0000000085400000, 0x0000000085500000, 0x0000000085500000|100%| O|  |TAMS 0x0000000085500000, 0x0000000085400000| Untracked 
|  55|0x0000000085500000, 0x0000000085600000, 0x0000000085600000|100%| O|  |TAMS 0x0000000085600000, 0x0000000085500000| Untracked 
|  56|0x0000000085600000, 0x0000000085700000, 0x0000000085700000|100%| O|  |TAMS 0x0000000085700000, 0x0000000085600000| Untracked 
|  57|0x0000000085700000, 0x0000000085800000, 0x0000000085800000|100%| O|  |TAMS 0x0000000085800000, 0x0000000085700000| Untracked 
|  58|0x0000000085800000, 0x0000000085900000, 0x0000000085900000|100%| O|  |TAMS 0x0000000085900000, 0x0000000085800000| Untracked 
|  59|0x0000000085900000, 0x0000000085a00000, 0x0000000085a00000|100%| O|  |TAMS 0x0000000085a00000, 0x0000000085900000| Untracked 
|  60|0x0000000085a00000, 0x0000000085b00000, 0x0000000085b00000|100%| O|  |TAMS 0x0000000085a98800, 0x0000000085a00000| Untracked 
|  61|0x0000000085b00000, 0x0000000085c00000, 0x0000000085c00000|100%| O|  |TAMS 0x0000000085b00000, 0x0000000085b00000| Untracked 
|  62|0x0000000085c00000, 0x0000000085d00000, 0x0000000085d00000|100%| O|  |TAMS 0x0000000085c00000, 0x0000000085c00000| Untracked 
|  63|0x0000000085d00000, 0x0000000085e00000, 0x0000000085e00000|100%| O|  |TAMS 0x0000000085d00000, 0x0000000085d00000| Untracked 
|  64|0x0000000085e00000, 0x0000000085f00000, 0x0000000085f00000|100%| O|  |TAMS 0x0000000085e00000, 0x0000000085e00000| Untracked 
|  65|0x0000000085f00000, 0x0000000086000000, 0x0000000086000000|100%| O|  |TAMS 0x0000000085f00000, 0x0000000085f00000| Untracked 
|  66|0x0000000086000000, 0x0000000086100000, 0x0000000086100000|100%| O|  |TAMS 0x0000000086000000, 0x0000000086000000| Untracked 
|  67|0x0000000086100000, 0x0000000086200000, 0x0000000086200000|100%| O|  |TAMS 0x0000000086100000, 0x0000000086100000| Untracked 
|  68|0x0000000086200000, 0x0000000086300000, 0x0000000086300000|100%| O|  |TAMS 0x0000000086200000, 0x0000000086200000| Untracked 
|  69|0x0000000086300000, 0x0000000086400000, 0x0000000086400000|100%| O|  |TAMS 0x0000000086300000, 0x0000000086300000| Untracked 
|  70|0x0000000086400000, 0x0000000086481000, 0x0000000086500000| 50%| O|  |TAMS 0x0000000086400000, 0x0000000086400000| Untracked 
|  71|0x0000000086500000, 0x0000000086500000, 0x0000000086600000|  0%| F|  |TAMS 0x0000000086500000, 0x0000000086500000| Untracked 
|  72|0x0000000086600000, 0x0000000086600000, 0x0000000086700000|  0%| F|  |TAMS 0x0000000086600000, 0x0000000086600000| Untracked 
|  73|0x0000000086700000, 0x0000000086700000, 0x0000000086800000|  0%| F|  |TAMS 0x0000000086700000, 0x0000000086700000| Untracked 
|  74|0x0000000086800000, 0x0000000086800000, 0x0000000086900000|  0%| F|  |TAMS 0x0000000086800000, 0x0000000086800000| Untracked 
|  75|0x0000000086900000, 0x0000000086900000, 0x0000000086a00000|  0%| F|  |TAMS 0x0000000086900000, 0x0000000086900000| Untracked 
|  76|0x0000000086a00000, 0x0000000086a00000, 0x0000000086b00000|  0%| F|  |TAMS 0x0000000086a00000, 0x0000000086a00000| Untracked 
|  77|0x0000000086b00000, 0x0000000086b00000, 0x0000000086c00000|  0%| F|  |TAMS 0x0000000086b00000, 0x0000000086b00000| Untracked 
|  78|0x0000000086c00000, 0x0000000086c00000, 0x0000000086d00000|  0%| F|  |TAMS 0x0000000086c00000, 0x0000000086c00000| Untracked 
|  79|0x0000000086d00000, 0x0000000086d00000, 0x0000000086e00000|  0%| F|  |TAMS 0x0000000086d00000, 0x0000000086d00000| Untracked 
|  80|0x0000000086e00000, 0x0000000086e00000, 0x0000000086f00000|  0%| F|  |TAMS 0x0000000086e00000, 0x0000000086e00000| Untracked 
|  81|0x0000000086f00000, 0x0000000087000000, 0x0000000087000000|100%| O|  |TAMS 0x0000000086f00000, 0x0000000086f00000| Untracked 
|  82|0x0000000087000000, 0x0000000087000000, 0x0000000087100000|  0%| F|  |TAMS 0x0000000087000000, 0x0000000087000000| Untracked 
|  83|0x0000000087100000, 0x0000000087100000, 0x0000000087200000|  0%| F|  |TAMS 0x0000000087100000, 0x0000000087100000| Untracked 
|  84|0x0000000087200000, 0x0000000087200000, 0x0000000087300000|  0%| F|  |TAMS 0x0000000087200000, 0x0000000087200000| Untracked 
|  85|0x0000000087300000, 0x0000000087300000, 0x0000000087400000|  0%| F|  |TAMS 0x0000000087300000, 0x0000000087300000| Untracked 
|  86|0x0000000087400000, 0x0000000087400000, 0x0000000087500000|  0%| F|  |TAMS 0x0000000087400000, 0x0000000087400000| Untracked 
|  87|0x0000000087500000, 0x0000000087500000, 0x0000000087600000|  0%| F|  |TAMS 0x0000000087500000, 0x0000000087500000| Untracked 
|  88|0x0000000087600000, 0x0000000087600000, 0x0000000087700000|  0%| F|  |TAMS 0x0000000087600000, 0x0000000087600000| Untracked 
|  89|0x0000000087700000, 0x0000000087700000, 0x0000000087800000|  0%| F|  |TAMS 0x0000000087700000, 0x0000000087700000| Untracked 
|  90|0x0000000087800000, 0x0000000087800000, 0x0000000087900000|  0%| F|  |TAMS 0x0000000087800000, 0x0000000087800000| Untracked 
|  91|0x0000000087900000, 0x0000000087900000, 0x0000000087a00000|  0%| F|  |TAMS 0x0000000087900000, 0x0000000087900000| Untracked 
|  92|0x0000000087a00000, 0x0000000087a00000, 0x0000000087b00000|  0%| F|  |TAMS 0x0000000087a00000, 0x0000000087a00000| Untracked 
|  93|0x0000000087b00000, 0x0000000087b00000, 0x0000000087c00000|  0%| F|  |TAMS 0x0000000087b00000, 0x0000000087b00000| Untracked 
|  94|0x0000000087c00000, 0x0000000087c00000, 0x0000000087d00000|  0%| F|  |TAMS 0x0000000087c00000, 0x0000000087c00000| Untracked 
|  95|0x0000000087d00000, 0x0000000087d00000, 0x0000000087e00000|  0%| F|  |TAMS 0x0000000087d00000, 0x0000000087d00000| Untracked 
|  96|0x0000000087e00000, 0x0000000087e7c650, 0x0000000087f00000| 48%| S|CS|TAMS 0x0000000087e00000, 0x0000000087e00000| Complete 
|  97|0x0000000087f00000, 0x0000000088000000, 0x0000000088000000|100%| S|CS|TAMS 0x0000000087f00000, 0x0000000087f00000| Complete 
|  98|0x0000000088000000, 0x0000000088100000, 0x0000000088100000|100%| S|CS|TAMS 0x0000000088000000, 0x0000000088000000| Complete 
|  99|0x0000000088100000, 0x0000000088200000, 0x0000000088200000|100%| S|CS|TAMS 0x0000000088100000, 0x0000000088100000| Complete 
| 100|0x0000000088200000, 0x0000000088300000, 0x0000000088300000|100%| S|CS|TAMS 0x0000000088200000, 0x0000000088200000| Complete 
| 101|0x0000000088300000, 0x0000000088400000, 0x0000000088400000|100%| S|CS|TAMS 0x0000000088300000, 0x0000000088300000| Complete 
| 102|0x0000000088400000, 0x0000000088400000, 0x0000000088500000|  0%| F|  |TAMS 0x0000000088400000, 0x0000000088400000| Untracked 
| 103|0x0000000088500000, 0x0000000088500000, 0x0000000088600000|  0%| F|  |TAMS 0x0000000088500000, 0x0000000088500000| Untracked 
| 104|0x0000000088600000, 0x0000000088600000, 0x0000000088700000|  0%| F|  |TAMS 0x0000000088600000, 0x0000000088600000| Untracked 
| 105|0x0000000088700000, 0x0000000088700000, 0x0000000088800000|  0%| F|  |TAMS 0x0000000088700000, 0x0000000088700000| Untracked 
| 106|0x0000000088800000, 0x0000000088800000, 0x0000000088900000|  0%| F|  |TAMS 0x0000000088800000, 0x0000000088800000| Untracked 
| 107|0x0000000088900000, 0x0000000088900000, 0x0000000088a00000|  0%| F|  |TAMS 0x0000000088900000, 0x0000000088900000| Untracked 
| 108|0x0000000088a00000, 0x0000000088a00000, 0x0000000088b00000|  0%| F|  |TAMS 0x0000000088a00000, 0x0000000088a00000| Untracked 
| 109|0x0000000088b00000, 0x0000000088b00000, 0x0000000088c00000|  0%| F|  |TAMS 0x0000000088b00000, 0x0000000088b00000| Untracked 
| 110|0x0000000088c00000, 0x0000000088c00000, 0x0000000088d00000|  0%| F|  |TAMS 0x0000000088c00000, 0x0000000088c00000| Untracked 
| 111|0x0000000088d00000, 0x0000000088d00000, 0x0000000088e00000|  0%| F|  |TAMS 0x0000000088d00000, 0x0000000088d00000| Untracked 
| 112|0x0000000088e00000, 0x0000000088e00000, 0x0000000088f00000|  0%| F|  |TAMS 0x0000000088e00000, 0x0000000088e00000| Untracked 
| 113|0x0000000088f00000, 0x0000000088f00000, 0x0000000089000000|  0%| F|  |TAMS 0x0000000088f00000, 0x0000000088f00000| Untracked 
| 114|0x0000000089000000, 0x0000000089000000, 0x0000000089100000|  0%| F|  |TAMS 0x0000000089000000, 0x0000000089000000| Untracked 
| 115|0x0000000089100000, 0x0000000089180800, 0x0000000089200000| 50%| E|  |TAMS 0x0000000089100000, 0x0000000089100000| Complete 
| 116|0x0000000089200000, 0x0000000089300000, 0x0000000089300000|100%| E|CS|TAMS 0x0000000089200000, 0x0000000089200000| Complete 
| 117|0x0000000089300000, 0x0000000089400000, 0x0000000089400000|100%| E|CS|TAMS 0x0000000089300000, 0x0000000089300000| Complete 
| 118|0x0000000089400000, 0x0000000089500000, 0x0000000089500000|100%| E|CS|TAMS 0x0000000089400000, 0x0000000089400000| Complete 
| 119|0x0000000089500000, 0x0000000089600000, 0x0000000089600000|100%| E|CS|TAMS 0x0000000089500000, 0x0000000089500000| Complete 
| 120|0x0000000089600000, 0x0000000089700000, 0x0000000089700000|100%| E|CS|TAMS 0x0000000089600000, 0x0000000089600000| Complete 
| 121|0x0000000089700000, 0x0000000089800000, 0x0000000089800000|100%| E|CS|TAMS 0x0000000089700000, 0x0000000089700000| Complete 
| 122|0x0000000089800000, 0x0000000089900000, 0x0000000089900000|100%| E|CS|TAMS 0x0000000089800000, 0x0000000089800000| Complete 
| 123|0x0000000089900000, 0x0000000089a00000, 0x0000000089a00000|100%| E|CS|TAMS 0x0000000089900000, 0x0000000089900000| Complete 
| 124|0x0000000089a00000, 0x0000000089b00000, 0x0000000089b00000|100%| E|CS|TAMS 0x0000000089a00000, 0x0000000089a00000| Complete 
| 125|0x0000000089b00000, 0x0000000089c00000, 0x0000000089c00000|100%| E|CS|TAMS 0x0000000089b00000, 0x0000000089b00000| Complete 
| 126|0x0000000089c00000, 0x0000000089d00000, 0x0000000089d00000|100%| E|CS|TAMS 0x0000000089c00000, 0x0000000089c00000| Complete 
| 127|0x0000000089d00000, 0x0000000089e00000, 0x0000000089e00000|100%| E|CS|TAMS 0x0000000089d00000, 0x0000000089d00000| Complete 
| 128|0x0000000089e00000, 0x0000000089f00000, 0x0000000089f00000|100%| E|CS|TAMS 0x0000000089e00000, 0x0000000089e00000| Complete 
| 129|0x0000000089f00000, 0x000000008a000000, 0x000000008a000000|100%| E|CS|TAMS 0x0000000089f00000, 0x0000000089f00000| Complete 
| 130|0x000000008a000000, 0x000000008a100000, 0x000000008a100000|100%| E|CS|TAMS 0x000000008a000000, 0x000000008a000000| Complete 
| 131|0x000000008a100000, 0x000000008a200000, 0x000000008a200000|100%| E|CS|TAMS 0x000000008a100000, 0x000000008a100000| Complete 
| 132|0x000000008a200000, 0x000000008a300000, 0x000000008a300000|100%| E|CS|TAMS 0x000000008a200000, 0x000000008a200000| Complete 
| 133|0x000000008a300000, 0x000000008a400000, 0x000000008a400000|100%| E|CS|TAMS 0x000000008a300000, 0x000000008a300000| Complete 
| 134|0x000000008a400000, 0x000000008a500000, 0x000000008a500000|100%| E|CS|TAMS 0x000000008a400000, 0x000000008a400000| Complete 
| 135|0x000000008a500000, 0x000000008a600000, 0x000000008a600000|100%| E|CS|TAMS 0x000000008a500000, 0x000000008a500000| Complete 
| 136|0x000000008a600000, 0x000000008a700000, 0x000000008a700000|100%| E|CS|TAMS 0x000000008a600000, 0x000000008a600000| Complete 
| 137|0x000000008a700000, 0x000000008a800000, 0x000000008a800000|100%| E|CS|TAMS 0x000000008a700000, 0x000000008a700000| Complete 
| 138|0x000000008a800000, 0x000000008a900000, 0x000000008a900000|100%| E|CS|TAMS 0x000000008a800000, 0x000000008a800000| Complete 
| 139|0x000000008a900000, 0x000000008aa00000, 0x000000008aa00000|100%| E|CS|TAMS 0x000000008a900000, 0x000000008a900000| Complete 
| 140|0x000000008aa00000, 0x000000008ab00000, 0x000000008ab00000|100%| E|CS|TAMS 0x000000008aa00000, 0x000000008aa00000| Complete 
| 141|0x000000008ab00000, 0x000000008ac00000, 0x000000008ac00000|100%| E|CS|TAMS 0x000000008ab00000, 0x000000008ab00000| Complete 
| 142|0x000000008ac00000, 0x000000008ad00000, 0x000000008ad00000|100%| E|CS|TAMS 0x000000008ac00000, 0x000000008ac00000| Complete 
| 143|0x000000008ad00000, 0x000000008ae00000, 0x000000008ae00000|100%| E|CS|TAMS 0x000000008ad00000, 0x000000008ad00000| Complete 
| 144|0x000000008ae00000, 0x000000008af00000, 0x000000008af00000|100%| E|CS|TAMS 0x000000008ae00000, 0x000000008ae00000| Complete 
| 145|0x000000008af00000, 0x000000008b000000, 0x000000008b000000|100%| E|CS|TAMS 0x000000008af00000, 0x000000008af00000| Complete 
| 146|0x000000008b000000, 0x000000008b100000, 0x000000008b100000|100%| E|CS|TAMS 0x000000008b000000, 0x000000008b000000| Complete 
| 147|0x000000008b100000, 0x000000008b200000, 0x000000008b200000|100%| E|CS|TAMS 0x000000008b100000, 0x000000008b100000| Complete 
| 148|0x000000008b200000, 0x000000008b300000, 0x000000008b300000|100%| E|CS|TAMS 0x000000008b200000, 0x000000008b200000| Complete 
| 149|0x000000008b300000, 0x000000008b400000, 0x000000008b400000|100%| E|CS|TAMS 0x000000008b300000, 0x000000008b300000| Complete 
| 150|0x000000008b400000, 0x000000008b500000, 0x000000008b500000|100%| E|CS|TAMS 0x000000008b400000, 0x000000008b400000| Complete 
| 151|0x000000008b500000, 0x000000008b600000, 0x000000008b600000|100%| E|CS|TAMS 0x000000008b500000, 0x000000008b500000| Complete 
| 152|0x000000008b600000, 0x000000008b700000, 0x000000008b700000|100%| E|CS|TAMS 0x000000008b600000, 0x000000008b600000| Complete 
| 153|0x000000008b700000, 0x000000008b800000, 0x000000008b800000|100%| E|CS|TAMS 0x000000008b700000, 0x000000008b700000| Complete 
| 154|0x000000008b800000, 0x000000008b900000, 0x000000008b900000|100%| E|CS|TAMS 0x000000008b800000, 0x000000008b800000| Complete 
| 155|0x000000008b900000, 0x000000008ba00000, 0x000000008ba00000|100%| E|CS|TAMS 0x000000008b900000, 0x000000008b900000| Complete 
| 156|0x000000008ba00000, 0x000000008bb00000, 0x000000008bb00000|100%| E|CS|TAMS 0x000000008ba00000, 0x000000008ba00000| Complete 
| 157|0x000000008bb00000, 0x000000008bc00000, 0x000000008bc00000|100%| E|CS|TAMS 0x000000008bb00000, 0x000000008bb00000| Complete 
| 158|0x000000008bc00000, 0x000000008bd00000, 0x000000008bd00000|100%| E|CS|TAMS 0x000000008bc00000, 0x000000008bc00000| Complete 
| 159|0x000000008bd00000, 0x000000008be00000, 0x000000008be00000|100%| E|CS|TAMS 0x000000008bd00000, 0x000000008bd00000| Complete 
| 160|0x000000008be00000, 0x000000008bf00000, 0x000000008bf00000|100%| E|CS|TAMS 0x000000008be00000, 0x000000008be00000| Complete 
| 161|0x000000008bf00000, 0x000000008c000000, 0x000000008c000000|100%| E|CS|TAMS 0x000000008bf00000, 0x000000008bf00000| Complete 
| 162|0x000000008c000000, 0x000000008c100000, 0x000000008c100000|100%| E|CS|TAMS 0x000000008c000000, 0x000000008c000000| Complete 
| 163|0x000000008c100000, 0x000000008c200000, 0x000000008c200000|100%| E|CS|TAMS 0x000000008c100000, 0x000000008c100000| Complete 
| 164|0x000000008c200000, 0x000000008c300000, 0x000000008c300000|100%| E|CS|TAMS 0x000000008c200000, 0x000000008c200000| Complete 
| 165|0x000000008c300000, 0x000000008c400000, 0x000000008c400000|100%| E|CS|TAMS 0x000000008c300000, 0x000000008c300000| Complete 
| 166|0x000000008c400000, 0x000000008c500000, 0x000000008c500000|100%| E|CS|TAMS 0x000000008c400000, 0x000000008c400000| Complete 
| 167|0x000000008c500000, 0x000000008c600000, 0x000000008c600000|100%| E|CS|TAMS 0x000000008c500000, 0x000000008c500000| Complete 
| 168|0x000000008c600000, 0x000000008c700000, 0x000000008c700000|100%| E|CS|TAMS 0x000000008c600000, 0x000000008c600000| Complete 
| 169|0x000000008c700000, 0x000000008c800000, 0x000000008c800000|100%| E|CS|TAMS 0x000000008c700000, 0x000000008c700000| Complete 
| 170|0x000000008c800000, 0x000000008c900000, 0x000000008c900000|100%| E|CS|TAMS 0x000000008c800000, 0x000000008c800000| Complete 
| 171|0x000000008c900000, 0x000000008ca00000, 0x000000008ca00000|100%| E|CS|TAMS 0x000000008c900000, 0x000000008c900000| Complete 
| 172|0x000000008ca00000, 0x000000008cb00000, 0x000000008cb00000|100%| E|CS|TAMS 0x000000008ca00000, 0x000000008ca00000| Complete 
| 173|0x000000008cb00000, 0x000000008cc00000, 0x000000008cc00000|100%| E|CS|TAMS 0x000000008cb00000, 0x000000008cb00000| Complete 
| 174|0x000000008cc00000, 0x000000008cd00000, 0x000000008cd00000|100%| E|CS|TAMS 0x000000008cc00000, 0x000000008cc00000| Complete 
| 175|0x000000008cd00000, 0x000000008ce00000, 0x000000008ce00000|100%| E|CS|TAMS 0x000000008cd00000, 0x000000008cd00000| Complete 
| 176|0x000000008ce00000, 0x000000008cf00000, 0x000000008cf00000|100%| E|CS|TAMS 0x000000008ce00000, 0x000000008ce00000| Complete 
| 177|0x000000008cf00000, 0x000000008d000000, 0x000000008d000000|100%| E|CS|TAMS 0x000000008cf00000, 0x000000008cf00000| Complete 
| 178|0x000000008d000000, 0x000000008d100000, 0x000000008d100000|100%| E|CS|TAMS 0x000000008d000000, 0x000000008d000000| Complete 
| 179|0x000000008d100000, 0x000000008d200000, 0x000000008d200000|100%| E|CS|TAMS 0x000000008d100000, 0x000000008d100000| Complete 
| 180|0x000000008d200000, 0x000000008d300000, 0x000000008d300000|100%| E|CS|TAMS 0x000000008d200000, 0x000000008d200000| Complete 
| 181|0x000000008d300000, 0x000000008d400000, 0x000000008d400000|100%| E|CS|TAMS 0x000000008d300000, 0x000000008d300000| Complete 
| 182|0x000000008d400000, 0x000000008d500000, 0x000000008d500000|100%| E|CS|TAMS 0x000000008d400000, 0x000000008d400000| Complete 
| 183|0x000000008d500000, 0x000000008d600000, 0x000000008d600000|100%| E|CS|TAMS 0x000000008d500000, 0x000000008d500000| Complete 
| 184|0x000000008d600000, 0x000000008d700000, 0x000000008d700000|100%| E|CS|TAMS 0x000000008d600000, 0x000000008d600000| Complete 

Card table byte_map: [0x0000020744860000,0x0000020744c60000] _byte_map_base: 0x0000020744451000

Marking Bits (Prev, Next): (CMBitMap*) 0x000002072d141f88, (CMBitMap*) 0x000002072d141fc0
 Prev Bits: [0x0000020745060000, 0x0000020746fe8000)
 Next Bits: [0x0000020746ff0000, 0x0000020748f78000)

Polling page: 0x000002072af70000

Metaspace:

Usage:
  Non-class:     59.73 MB capacity,    58.72 MB ( 98%) used,   835.95 KB (  1%) free+waste,   200.38 KB ( <1%) overhead. 
      Class:      8.72 MB capacity,     8.11 MB ( 93%) used,   539.34 KB (  6%) free+waste,    91.69 KB (  1%) overhead. 
       Both:     68.46 MB capacity,    66.83 MB ( 98%) used,     1.34 MB (  2%) free+waste,   292.06 KB ( <1%) overhead. 

Virtual space:
  Non-class space:       60.00 MB reserved,      59.92 MB (>99%) committed 
      Class space:        1.00 GB reserved,       8.86 MB ( <1%) committed 
             Both:        1.06 GB reserved,      68.78 MB (  6%) committed 

Chunk freelists:
   Non-Class:  256 bytes
       Class:  3.25 KB
        Both:  3.50 KB

CodeHeap 'non-profiled nmethods': size=238912Kb used=13445Kb max_used=13527Kb free=225466Kb
 bounds [0x0000020735b10000, 0x0000020736850000, 0x0000020744460000]
CodeHeap 'non-nmethods': size=6848Kb used=1294Kb max_used=1294Kb free=5553Kb
 bounds [0x0000020735460000, 0x00000207356d0000, 0x0000020735b10000]
 total_blobs=8391 nmethods=7711 adapters=503
 compilation: enabled
              stopped_count=0, restarted_count=0
 full_count=0

Compilation events (10 events):
Event: 57592.671 Thread 0x000002074b49a000 7802       1       com.fasterxml.jackson.core.sym.ByteQuadsCanonicalizer::_findOffsetForAdd (169 bytes)
Event: 57592.671 Thread 0x000002074b49a000 nmethod 7802 0x0000020736217210 code [0x0000020736217400, 0x0000020736217760]
Event: 57592.672 Thread 0x000002074b49a000 7800       1       com.fasterxml.jackson.core.sym.ByteQuadsCanonicalizer::addName (277 bytes)
Event: 57592.672 Thread 0x000002074b49a000 nmethod 7800 0x0000020736216210 code [0x0000020736216480, 0x0000020736216c40]
Event: 57592.672 Thread 0x000002074b49a000 7801       1       com.fasterxml.jackson.core.sym.ByteQuadsCanonicalizer::_verifySharing (48 bytes)
Event: 57592.673 Thread 0x000002074b49a000 nmethod 7801 0x0000020736215b10 code [0x0000020736215ce0, 0x00000207362160a0]
Event: 57653.533 Thread 0x000002074b49a000 7804       1       org.apache.tomcat.util.net.NioEndpoint$NioSocketWrapper::interestOps (5 bytes)
Event: 57653.533 Thread 0x000002074b49a000 nmethod 7804 0x0000020736215790 code [0x0000020736215940, 0x0000020736215a58]
Event: 57715.577 Thread 0x000002074b49a000 7805       1       java.nio.channels.SelectionKey::attachment (5 bytes)
Event: 57715.577 Thread 0x000002074b49a000 nmethod 7805 0x0000020736215410 code [0x00000207362155c0, 0x00000207362156d8]

GC Heap History (10 events):
Event: 58016.319 GC heap before
{Heap before GC invocations=809 (full 0):
 garbage-first heap   total 189440K, used 158212K [0x0000000081e00000, 0x0000000100000000)
  region size 1024K, 83 young (84992K), 5 survivors (5120K)
 Metaspace       used 68386K, capacity 70004K, committed 70044K, reserved 1110016K
  class space    used 8301K, capacity 8902K, committed 8940K, reserved 1048576K
}
Event: 58016.326 GC heap after
{Heap after GC invocations=810 (full 0):
 garbage-first heap   total 189440K, used 78835K [0x0000000081e00000, 0x0000000100000000)
  region size 1024K, 6 young (6144K), 6 survivors (6144K)
 Metaspace       used 68386K, capacity 70004K, committed 70044K, reserved 1110016K
  class space    used 8301K, capacity 8902K, committed 8940K, reserved 1048576K
}
Event: 58030.967 GC heap before
{Heap before GC invocations=810 (full 0):
 garbage-first heap   total 189440K, used 157683K [0x0000000081e00000, 0x0000000100000000)
  region size 1024K, 83 young (84992K), 6 survivors (6144K)
 Metaspace       used 68386K, capacity 70004K, committed 70044K, reserved 1110016K
  class space    used 8301K, capacity 8902K, committed 8940K, reserved 1048576K
}
Event: 58030.971 GC heap after
{Heap after GC invocations=811 (full 0):
 garbage-first heap   total 189440K, used 78837K [0x0000000081e00000, 0x0000000100000000)
  region size 1024K, 6 young (6144K), 6 survivors (6144K)
 Metaspace       used 68386K, capacity 70004K, committed 70044K, reserved 1110016K
  class space    used 8301K, capacity 8902K, committed 8940K, reserved 1048576K
}
Event: 58046.083 GC heap before
{Heap before GC invocations=811 (full 0):
 garbage-first heap   total 189440K, used 157685K [0x0000000081e00000, 0x0000000100000000)
  region size 1024K, 83 young (84992K), 6 survivors (6144K)
 Metaspace       used 68386K, capacity 70004K, committed 70044K, reserved 1110016K
  class space    used 8301K, capacity 8902K, committed 8940K, reserved 1048576K
}
Event: 58046.088 GC heap after
{Heap after GC invocations=812 (full 0):
 garbage-first heap   total 189440K, used 78310K [0x0000000081e00000, 0x0000000100000000)
  region size 1024K, 5 young (5120K), 5 survivors (5120K)
 Metaspace       used 68386K, capacity 70004K, committed 70044K, reserved 1110016K
  class space    used 8301K, capacity 8902K, committed 8940K, reserved 1048576K
}
Event: 58061.682 GC heap before
{Heap before GC invocations=812 (full 0):
 garbage-first heap   total 189440K, used 158182K [0x0000000081e00000, 0x0000000100000000)
  region size 1024K, 83 young (84992K), 5 survivors (5120K)
 Metaspace       used 68386K, capacity 70004K, committed 70044K, reserved 1110016K
  class space    used 8301K, capacity 8902K, committed 8940K, reserved 1048576K
}
Event: 58061.688 GC heap after
{Heap after GC invocations=813 (full 0):
 garbage-first heap   total 189440K, used 78340K [0x0000000081e00000, 0x0000000100000000)
  region size 1024K, 5 young (5120K), 5 survivors (5120K)
 Metaspace       used 68386K, capacity 70004K, committed 70044K, reserved 1110016K
  class space    used 8301K, capacity 8902K, committed 8940K, reserved 1048576K
}
Event: 58078.221 GC heap before
{Heap before GC invocations=813 (full 0):
 garbage-first heap   total 189440K, used 158212K [0x0000000081e00000, 0x0000000100000000)
  region size 1024K, 83 young (84992K), 5 survivors (5120K)
 Metaspace       used 68386K, capacity 70004K, committed 70044K, reserved 1110016K
  class space    used 8301K, capacity 8902K, committed 8940K, reserved 1048576K
}
Event: 58078.226 GC heap after
{Heap after GC invocations=814 (full 0):
 garbage-first heap   total 189440K, used 78837K [0x0000000081e00000, 0x0000000100000000)
  region size 1024K, 6 young (6144K), 6 survivors (6144K)
 Metaspace       used 68386K, capacity 70004K, committed 70044K, reserved 1110016K
  class space    used 8301K, capacity 8902K, committed 8940K, reserved 1048576K
}

Deoptimization events (0 events):
No events

Classes redefined (2 events):
Event: 58085.245 Thread 0x000002074b474000 redefined class name=br.com.nsbruno.sisinfo.function.CustomFunction, count=1
Event: 58085.898 Thread 0x000002074b474000 redefined class name=br.com.nsbruno.sisinfo.function.CustomFunction, count=2

Internal exceptions (10 events):
Event: 23.789 Thread 0x000002074cb2d000 Exception <a 'java/lang/ClassNotFoundException'{0x000000008af583c0}: org/springframework/boot/autoconfigure/web/servlet/WebMvcAutoConfiguration$EnableWebMvcConfigurationCustomizer> (0x000000008af583c0) thrown at [t:/workspace/open/src/hotspot/share/classf
Event: 23.790 Thread 0x000002074cb2d000 Exception <a 'java/lang/ClassNotFoundException'{0x000000008af71c78}: org/springframework/context/ResourceLoaderAwareCustomizer> (0x000000008af71c78) thrown at [t:/workspace/open/src/hotspot/share/classfile/systemDictionary.cpp, line 231]
Event: 23.791 Thread 0x000002074cb2d000 Exception <a 'java/lang/ClassNotFoundException'{0x000000008af7e428}: org/springframework/beans/factory/AwareCustomizer> (0x000000008af7e428) thrown at [t:/workspace/open/src/hotspot/share/classfile/systemDictionary.cpp, line 231]
Event: 23.791 Thread 0x000002074cb2d000 Exception <a 'java/lang/ClassNotFoundException'{0x000000008af8b728}: org/springframework/context/ApplicationContextAwareCustomizer> (0x000000008af8b728) thrown at [t:/workspace/open/src/hotspot/share/classfile/systemDictionary.cpp, line 231]
Event: 23.792 Thread 0x000002074cb2d000 Exception <a 'java/lang/ClassNotFoundException'{0x000000008af98868}: org/springframework/beans/factory/AwareCustomizer> (0x000000008af98868) thrown at [t:/workspace/open/src/hotspot/share/classfile/systemDictionary.cpp, line 231]
Event: 23.792 Thread 0x000002074cb2d000 Exception <a 'java/lang/ClassNotFoundException'{0x000000008afa5898}: org/springframework/web/context/ServletContextAwareCustomizer> (0x000000008afa5898) thrown at [t:/workspace/open/src/hotspot/share/classfile/systemDictionary.cpp, line 231]
Event: 23.793 Thread 0x000002074cb2d000 Exception <a 'java/lang/ClassNotFoundException'{0x000000008afb24b0}: org/springframework/beans/factory/AwareCustomizer> (0x000000008afb24b0) thrown at [t:/workspace/open/src/hotspot/share/classfile/systemDictionary.cpp, line 231]
Event: 24.030 Thread 0x000002074cb2d000 Exception <a 'java/lang/NoSuchMethodError'{0x000000008a67ef70}: java.lang.invoke.DirectMethodHandle$Holder.invokeVirtual(Ljava/lang/Object;Ljava/lang/Object;I)V> (0x000000008a67ef70) thrown at [t:/workspace/open/src/hotspot/share/interpreter/linkResolver.
Event: 24.195 Thread 0x000002074cb2d000 Exception <a 'java/lang/IncompatibleClassChangeError'{0x000000008a056928}: Found class java.lang.Object, but interface was expected> (0x000000008a056928) thrown at [t:/workspace/open/src/hotspot/share/interpreter/linkResolver.cpp, line 838]
Event: 24.268 Thread 0x000002074cb2d000 Exception <a 'java/lang/NoSuchMethodError'{0x0000000089fe7570}: java.lang.invoke.DirectMethodHandle$Holder.invokeStaticInit(Ljava/lang/Object;Ljava/lang/Object;Ljava/lang/Object;Ljava/lang/Object;)I> (0x0000000089fe7570) thrown at [t:/workspace/open/src/h

Events (10 events):
Event: 58094.338 Executing VM operation: GetCurrentContendedMonitor done
Event: 58094.340 Executing VM operation: GetOwnedMonitorInfo
Event: 58094.340 Executing VM operation: GetOwnedMonitorInfo done
Event: 58094.840 Executing VM operation: GetFrameCount
Event: 58094.840 Executing VM operation: GetFrameCount done
Event: 58094.840 Executing VM operation: GetStackTrace
Event: 58094.841 Executing VM operation: GetStackTrace done
Event: 58095.547 Executing VM operation: GetFrameLocation
Event: 58095.547 Executing VM operation: GetFrameLocation done
Event: 58095.547 Executing VM operation: GetOrSetLocal


Dynamic libraries:
0x00007ff6f6970000 - 0x00007ff6f69b7000 	C:\Program Files\Java\jdk-11.0.5\bin\java.exe
0x00007ff8b6840000 - 0x00007ff8b6a30000 	C:\WINDOWS\SYSTEM32\ntdll.dll
0x00007ff8b4b20000 - 0x00007ff8b4bd2000 	C:\WINDOWS\System32\KERNEL32.DLL
0x00007ff8b37a0000 - 0x00007ff8b3a43000 	C:\WINDOWS\System32\KERNELBASE.dll
0x00007ff8b5550000 - 0x00007ff8b55f3000 	C:\WINDOWS\System32\ADVAPI32.dll
0x00007ff8b64b0000 - 0x00007ff8b654e000 	C:\WINDOWS\System32\msvcrt.dll
0x00007ff8b4a60000 - 0x00007ff8b4af7000 	C:\WINDOWS\System32\sechost.dll
0x00007ff8b48c0000 - 0x00007ff8b49e0000 	C:\WINDOWS\System32\RPCRT4.dll
0x00007ff8b4d10000 - 0x00007ff8b4ea4000 	C:\WINDOWS\System32\USER32.dll
0x00007ff8b4890000 - 0x00007ff8b48b1000 	C:\WINDOWS\System32\win32u.dll
0x00007ff8b4eb0000 - 0x00007ff8b4ed6000 	C:\WINDOWS\System32\GDI32.dll
0x00007ff8b46f0000 - 0x00007ff8b4884000 	C:\WINDOWS\System32\gdi32full.dll
0x00007ff8b4650000 - 0x00007ff8b46ee000 	C:\WINDOWS\System32\msvcp_win.dll
0x00007ff8b42d0000 - 0x00007ff8b43ca000 	C:\WINDOWS\System32\ucrtbase.dll
0x00007ff8b2b90000 - 0x00007ff8b2e15000 	C:\WINDOWS\WinSxS\amd64_microsoft.windows.common-controls_6595b64144ccf1df_6.0.18362.535_none_e6c3b34713100821\COMCTL32.dll
0x00007ff8b4ee0000 - 0x00007ff8b5216000 	C:\WINDOWS\System32\combase.dll
0x00007ff8aa390000 - 0x00007ff8aa39a000 	C:\WINDOWS\SYSTEM32\VERSION.dll
0x00007ff8b4520000 - 0x00007ff8b45a0000 	C:\WINDOWS\System32\bcryptPrimitives.dll
0x00007ff8b5d00000 - 0x00007ff8b5d2e000 	C:\WINDOWS\System32\IMM32.DLL
0x00007ff8ae240000 - 0x00007ff8ae256000 	C:\Program Files\Java\jdk-11.0.5\bin\vcruntime140.dll
0x00007ff890260000 - 0x00007ff89030a000 	C:\Program Files\Java\jdk-11.0.5\bin\msvcp140.dll
0x00007ff86dde0000 - 0x00007ff86e908000 	C:\Program Files\Java\jdk-11.0.5\bin\server\jvm.dll
0x00007ff8b5b50000 - 0x00007ff8b5b58000 	C:\WINDOWS\System32\PSAPI.DLL
0x00007ff8ae2a0000 - 0x00007ff8ae2a9000 	C:\WINDOWS\SYSTEM32\WSOCK32.dll
0x00007ff8b0b10000 - 0x00007ff8b0b34000 	C:\WINDOWS\SYSTEM32\WINMM.dll
0x00007ff8b66b0000 - 0x00007ff8b671f000 	C:\WINDOWS\System32\WS2_32.dll
0x00007ff8b0ae0000 - 0x00007ff8b0b0d000 	C:\WINDOWS\SYSTEM32\WINMMBASE.dll
0x00007ff8b41f0000 - 0x00007ff8b423a000 	C:\WINDOWS\System32\cfgmgr32.dll
0x00007ff8b3780000 - 0x00007ff8b3791000 	C:\WINDOWS\System32\kernel.appcore.dll
0x00007ff8a9dc0000 - 0x00007ff8a9dd1000 	C:\Program Files\Java\jdk-11.0.5\bin\verify.dll
0x00007ff8b31a0000 - 0x00007ff8b3394000 	C:\WINDOWS\SYSTEM32\DBGHELP.DLL
0x00007ff8b2f10000 - 0x00007ff8b2f3a000 	C:\WINDOWS\SYSTEM32\dbgcore.DLL
0x00007ff8a5a50000 - 0x00007ff8a5a79000 	C:\Program Files\Java\jdk-11.0.5\bin\java.dll
0x00007ff8a6220000 - 0x00007ff8a6257000 	C:\Program Files\Java\jdk-11.0.5\bin\jdwp.dll
0x00007ff8a4120000 - 0x00007ff8a4136000 	C:\Program Files\Java\jdk-11.0.5\bin\zip.dll
0x00007ff8b30f0000 - 0x00007ff8b30fa000 	C:\Program Files\Java\jdk-11.0.5\bin\jimage.dll
0x00007ff8b5db0000 - 0x00007ff8b6495000 	C:\WINDOWS\System32\SHELL32.dll
0x00007ff8b5220000 - 0x00007ff8b52c9000 	C:\WINDOWS\System32\shcore.dll
0x00007ff8b3a50000 - 0x00007ff8b41cf000 	C:\WINDOWS\System32\windows.storage.dll
0x00007ff8b3740000 - 0x00007ff8b375f000 	C:\WINDOWS\System32\profapi.dll
0x00007ff8b36f0000 - 0x00007ff8b373a000 	C:\WINDOWS\System32\powrprof.dll
0x00007ff8b36e0000 - 0x00007ff8b36f0000 	C:\WINDOWS\System32\UMPDC.dll
0x00007ff8b4be0000 - 0x00007ff8b4c32000 	C:\WINDOWS\System32\shlwapi.dll
0x00007ff8b41d0000 - 0x00007ff8b41e7000 	C:\WINDOWS\System32\cryptsp.dll
0x00007ff8aa980000 - 0x00007ff8aa98a000 	C:\Program Files\Java\jdk-11.0.5\bin\dt_socket.dll
0x00007ff8b2820000 - 0x00007ff8b2887000 	C:\WINDOWS\System32\mswsock.dll
0x00007ff8b2580000 - 0x00007ff8b264a000 	C:\WINDOWS\SYSTEM32\DNSAPI.dll
0x00007ff8b64a0000 - 0x00007ff8b64a8000 	C:\WINDOWS\System32\NSI.dll
0x00007ff8b2540000 - 0x00007ff8b257a000 	C:\WINDOWS\SYSTEM32\IPHLPAPI.DLL
0x00007ff8ac380000 - 0x00007ff8ac3f7000 	C:\WINDOWS\System32\fwpuclnt.dll
0x00007ff8b42a0000 - 0x00007ff8b42c6000 	C:\WINDOWS\System32\bcrypt.dll
0x00007ff8a4c40000 - 0x00007ff8a4c4a000 	C:\Windows\System32\rasadhlp.dll
0x00007ff8a3ba0000 - 0x00007ff8a3bb9000 	C:\Program Files\Java\jdk-11.0.5\bin\net.dll
0x00007ff8abbb0000 - 0x00007ff8abca0000 	C:\WINDOWS\SYSTEM32\WINHTTP.dll
0x00007ff8a3a30000 - 0x00007ff8a3a43000 	C:\Program Files\Java\jdk-11.0.5\bin\nio.dll
0x00007ff8ab8e0000 - 0x00007ff8ab8e9000 	C:\Program Files\Java\jdk-11.0.5\bin\management.dll
0x00007ff8aac20000 - 0x00007ff8aac2c000 	C:\Program Files\Java\jdk-11.0.5\bin\management_ext.dll
0x00007ff89a700000 - 0x00007ff89a716000 	C:\WINDOWS\system32\napinsp.dll
0x00007ff89a6e0000 - 0x00007ff89a6fa000 	C:\WINDOWS\system32\pnrpnsp.dll
0x00007ff8af120000 - 0x00007ff8af12e000 	C:\WINDOWS\System32\winrnr.dll
0x00007ff8aeff0000 - 0x00007ff8af00c000 	C:\WINDOWS\system32\NLAapi.dll
0x00007ff88ad40000 - 0x00007ff88ad55000 	C:\WINDOWS\system32\wshbth.dll
0x00007ff8b23a0000 - 0x00007ff8b23d3000 	C:\WINDOWS\system32\rsaenh.dll
0x00007ff8b3600000 - 0x00007ff8b3625000 	C:\WINDOWS\SYSTEM32\USERENV.dll
0x00007ff8b29a0000 - 0x00007ff8b29ac000 	C:\WINDOWS\SYSTEM32\CRYPTBASE.dll
0x00007ff8ac640000 - 0x00007ff8ac656000 	C:\WINDOWS\SYSTEM32\dhcpcsvc6.DLL
0x00007ff8ac620000 - 0x00007ff8ac63c000 	C:\WINDOWS\SYSTEM32\dhcpcsvc.DLL

dbghelp: loaded successfully - version: 4.0.5 - missing functions: none
symbol engine: initialized successfully - sym options: 0x614 - pdb path: .;C:\Program Files\Java\jdk-11.0.5\bin;C:\WINDOWS\SYSTEM32;C:\WINDOWS\WinSxS\amd64_microsoft.windows.common-controls_6595b64144ccf1df_6.0.18362.535_none_e6c3b34713100821;C:\Program Files\Java\jdk-11.0.5\bin\server

VM Arguments:
jvm_args: -Xverify:none -XX:TieredStopAtLevel=1 -Xdebug -Xrunjdwp:transport=dt_socket,server=n,address=52199 -Xverify:none -XX:TieredStopAtLevel=1 
java_command: br.com.nsbruno.sisinfo.SisinfoApplication
java_class_path (initial): F:\Meus Projetos\SisInfoWeb\Codigo Fonte\SisInfoWeb\target\classes;C:\Users\Nogueira\.m2\repository\org\springframework\boot\spring-boot-starter-data-jpa\2.2.1.BUILD-SNAPSHOT\spring-boot-starter-data-jpa-2.2.1.BUILD-SNAPSHOT.jar;C:\Users\Nogueira\.m2\repository\org\springframework\boot\spring-boot-starter-aop\2.2.1.BUILD-SNAPSHOT\spring-boot-starter-aop-2.2.1.BUILD-SNAPSHOT.jar;C:\Users\Nogueira\.m2\repository\org\springframework\spring-aop\5.2.1.RELEASE\spring-aop-5.2.1.RELEASE.jar;C:\Users\Nogueira\.m2\repository\org\aspectj\aspectjweaver\1.9.4\aspectjweaver-1.9.4.jar;C:\Users\Nogueira\.m2\repository\org\springframework\boot\spring-boot-starter-jdbc\2.2.1.BUILD-SNAPSHOT\spring-boot-starter-jdbc-2.2.1.BUILD-SNAPSHOT.jar;C:\Users\Nogueira\.m2\repository\com\zaxxer\HikariCP\3.4.1\HikariCP-3.4.1.jar;C:\Users\Nogueira\.m2\repository\org\springframework\spring-jdbc\5.2.1.RELEASE\spring-jdbc-5.2.1.RELEASE.jar;C:\Users\Nogueira\.m2\repository\jakarta\activation\jakarta.activation-api\1.2.1\jakarta.activation-api-1.2.1.jar;C:\Users\Nogueira\.m2\repository\jakarta\persistence\jakarta.persistence-api\2.2.3\jakarta.persistence-api-2.2.3.jar;C:\Users\Nogueira\.m2\repository\jakarta\transaction\jakarta.transaction-api\1.3.3\jakarta.transaction-api-1.3.3.jar;C:\Users\Nogueira\.m2\repository\org\hibernate\hibernate-core\5.4.8.Final\hibernate-core-5.4.8.Final.jar;C:\Users\Nogueira\.m2\repository\org\jboss\logging\jboss-logging\3.4.1.Final\jboss-logging-3.4.1.Final.jar;C:\Users\Nogueira\.m2\repository\org\javassist\javassist\3.24.0-GA\javassist-3.24.0-GA.jar;C:\Users\Nogueira\.m2\repository\net\bytebuddy\byte-buddy\1.10.2\byte-buddy-1.10.2.jar;C:\Users\Nogueira\.m2\repository\antlr\antlr\2.7.7\antlr-2.7.7.jar;C:\Users\Nogueira\.m2\repository\org\jboss\jandex\2.0.5.Final\jandex-2.0.5.Final.jar;C:\Users\Nogueira\.m2\repository\com\fasterxml\classmate\1.5.1\classmate-1.5.1.jar;C:\Users\Nogueira\.m2\repository\org\dom4j\dom4j\2.1.1\dom4j-2.1.1.jar;C:\Users\
Launcher Type: SUN_STANDARD

[Global flags]
     bool BytecodeVerificationLocal                = false                                     {product} {command line}
     bool BytecodeVerificationRemote               = false                                     {product} {command line}
     intx CICompilerCount                          = 3                                         {product} {ergonomic}
     uint ConcGCThreads                            = 1                                         {product} {ergonomic}
     uint G1ConcRefinementThreads                  = 4                                         {product} {ergonomic}
   size_t G1HeapRegionSize                         = 1048576                                   {product} {ergonomic}
    uintx GCDrainStackTargetSize                   = 64                                        {product} {ergonomic}
   size_t InitialHeapSize                          = 134217728                                 {product} {ergonomic}
   size_t MarkStackSize                            = 4194304                                   {product} {ergonomic}
   size_t MaxHeapSize                              = 2116026368                                {product} {ergonomic}
   size_t MaxNewSize                               = 1268776960                                {product} {ergonomic}
   size_t MinHeapDeltaBytes                        = 1048576                                   {product} {ergonomic}
    uintx NonNMethodCodeHeapSize                   = 6973028                                {pd product} {ergonomic}
    uintx NonProfiledCodeHeapSize                  = 244685212                              {pd product} {ergonomic}
    uintx ProfiledCodeHeapSize                     = 0                                      {pd product} {ergonomic}
    uintx ReservedCodeCacheSize                    = 251658240                              {pd product} {ergonomic}
     bool SegmentedCodeCache                       = true                                      {product} {ergonomic}
     intx TieredStopAtLevel                        = 1                                         {product} {command line}
     bool UseCompressedClassPointers               = true                                 {lp64_product} {ergonomic}
     bool UseCompressedOops                        = true                                 {lp64_product} {ergonomic}
     bool UseG1GC                                  = true                                      {product} {ergonomic}
     bool UseLargePagesIndividualAllocation        = false                                  {pd product} {ergonomic}

Logging:
Log output configuration:
 #0: stdout all=warning uptime,level,tags
 #1: stderr all=off uptime,level,tags

Environment Variables:
JAVA_HOME=C:\Program Files\Java\jdk-11.0.5
PATH=C:\Program Files (x86)\Common Files\Oracle\Java\javapath;C:\WINDOWS\system32;C:\WINDOWS;C:\WINDOWS\System32\Wbem;C:\WINDOWS\System32\WindowsPowerShell\v1.0\;C:\WINDOWS\System32\OpenSSH\;D:\Arquivos de Programas\Microsoft VS Code\bin;C:\Program Files\Git\cmd;D:\Arquivos de Programas\nodejs\;C:\Users\Nogueira\AppData\Local\Microsoft\WindowsApps;D:\Users\Nogueira\AppData\Roaming\npm;C:\Users\Nogueira\AppData\Roaming\npm
USERNAME=Nogueira
OS=Windows_NT
PROCESSOR_IDENTIFIER=Intel64 Family 6 Model 142 Stepping 9, GenuineIntel



---------------  S Y S T E M  ---------------

OS: Windows 10 , 64 bit Build 18362 (10.0.18362.329)

CPU:total 4 (initial active 4) (2 cores per cpu, 2 threads per core) family 6 model 142 stepping 9, cmov, cx8, fxsr, mmx, sse, sse2, sse3, ssse3, sse4.1, sse4.2, popcnt, avx, avx2, aes, clmul, erms, 3dnowpref, lzcnt, ht, tsc, tscinvbit, bmi1, bmi2, adx, fma

Memory: 4k page, system-wide physical 8066M (527M free)
TotalPageFile size 20878M (AvailPageFile size 7985M)
current process WorkingSet (physical memory assigned to process): 236M, peak: 324M
current process commit charge ("private bytes"): 366M, peak: 366M

vm_info: Java HotSpot(TM) 64-Bit Server VM (11.0.5+10-LTS) for windows-amd64 JRE (11.0.5+10-LTS), built on Oct  6 2019 12:37:14 by "mach5one" with MS VC++ 15.5 (VS2017)

END.
